<!DOCTYPE html>

<html>
  <head>
  <meta charset='utf-8'>
  <title>TestNG reports</title>

    <link type="text/css" href="testng-reports.css" rel="stylesheet" />  
    <script type="text/javascript" src="jquery-1.7.1.min.js"></script>
    <script type="text/javascript" src="testng-reports.js"></script>
    <script type="text/javascript" src="https://www.google.com/jsapi"></script>
    <script type='text/javascript'>
      google.load('visualization', '1', {packages:['table']});
      google.setOnLoadCallback(drawTable);
      var suiteTableInitFunctions = new Array();
      var suiteTableData = new Array();
    </script>
    <!--
      <script type="text/javascript" src="jquery-ui/js/jquery-ui-1.8.16.custom.min.js"></script>
     -->
  </head>

  <body>
    <div class="top-banner-root">
      <span class="top-banner-title-font">Test results</span>
      <br/>
      <span class="top-banner-font-1">1 suite, 5 failed tests</span>
    </div> <!-- top-banner-root -->
    <div class="navigator-root">
      <div class="navigator-suite-header">
        <span>All suites</span>
        <a href="#" title="Collapse/expand all the suites" class="collapse-all-link">
          <img src="collapseall.gif" class="collapse-all-icon">
          </img> <!-- collapse-all-icon -->
        </a> <!-- collapse-all-link -->
      </div> <!-- navigator-suite-header -->
      <div class="suite">
        <div class="rounded-window">
          <div class="suite-header light-rounded-window-top">
            <a href="#" panel-name="suite-Sapphirus_Systems_Pvt_Ltd" class="navigator-link">
              <span class="suite-name border-failed">Sapphirus Systems Pvt Ltd</span>
            </a> <!-- navigator-link -->
          </div> <!-- suite-header light-rounded-window-top -->
          <div class="navigator-suite-content">
            <div class="suite-section-title">
              <span>Info</span>
            </div> <!-- suite-section-title -->
            <div class="suite-section-content">
              <ul>
                <li>
                  <a href="#" panel-name="test-xml-Sapphirus_Systems_Pvt_Ltd" class="navigator-link ">
                    <span>C:\Users\admin\eclipse-workspace\Learning Chain Automation5\testng.xml</span>
                  </a> <!-- navigator-link  -->
                </li>
                <li>
                  <a href="#" panel-name="testlist-Sapphirus_Systems_Pvt_Ltd" class="navigator-link ">
                    <span class="test-stats">2 tests</span>
                  </a> <!-- navigator-link  -->
                </li>
                <li>
                  <a href="#" panel-name="group-Sapphirus_Systems_Pvt_Ltd" class="navigator-link ">
                    <span>1 group</span>
                  </a> <!-- navigator-link  -->
                </li>
                <li>
                  <a href="#" panel-name="times-Sapphirus_Systems_Pvt_Ltd" class="navigator-link ">
                    <span>Times</span>
                  </a> <!-- navigator-link  -->
                </li>
                <li>
                  <a href="#" panel-name="reporter-Sapphirus_Systems_Pvt_Ltd" class="navigator-link ">
                    <span>Reporter output</span>
                  </a> <!-- navigator-link  -->
                </li>
                <li>
                  <a href="#" panel-name="ignored-methods-Sapphirus_Systems_Pvt_Ltd" class="navigator-link ">
                    <span>Ignored methods</span>
                  </a> <!-- navigator-link  -->
                </li>
                <li>
                  <a href="#" panel-name="chronological-Sapphirus_Systems_Pvt_Ltd" class="navigator-link ">
                    <span>Chronological view</span>
                  </a> <!-- navigator-link  -->
                </li>
              </ul>
            </div> <!-- suite-section-content -->
            <div class="result-section">
              <div class="suite-section-title">
                <span>Results</span>
              </div> <!-- suite-section-title -->
              <div class="suite-section-content">
                <ul>
                  <li>
                    <span class="method-stats">29 methods, 5 failed,   24 passed</span>
                  </li>
                  <li>
                    <span class="method-list-title failed">Failed methods</span>
                    <span class="show-or-hide-methods failed">
                      <a href="#" panel-name="suite-Sapphirus_Systems_Pvt_Ltd" class="hide-methods failed suite-Sapphirus_Systems_Pvt_Ltd"> (hide)</a> <!-- hide-methods failed suite-Sapphirus_Systems_Pvt_Ltd -->
                      <a href="#" panel-name="suite-Sapphirus_Systems_Pvt_Ltd" class="show-methods failed suite-Sapphirus_Systems_Pvt_Ltd"> (show)</a> <!-- show-methods failed suite-Sapphirus_Systems_Pvt_Ltd -->
                    </span>
                    <div class="method-list-content failed suite-Sapphirus_Systems_Pvt_Ltd">
                      <span>
                        <img src="failed.png" width="3%"/>
                        <a href="#" panel-name="suite-Sapphirus_Systems_Pvt_Ltd" title="com.cucumber.TestRunner.UserGenerateSingleWithoutApprovalRunner" class="method navigator-link" hash-for-method="feature(Institution User - Check the flow of Generate Single Without Approval)">feature(Institution User - Check the flow of Generate Single Without Approval)</a> <!-- method navigator-link -->
                      </span>
                      <br/>
                      <span>
                        <img src="failed.png" width="3%"/>
                        <a href="#" panel-name="suite-Sapphirus_Systems_Pvt_Ltd" title="com.cucumber.TestRunner.AdminChangePasswordRunner" class="method navigator-link" hash-for-method="feature(Institution Admin - Check the flow of ChangePassword)">feature(Institution Admin - Check the flow of ChangePassword)</a> <!-- method navigator-link -->
                      </span>
                      <br/>
                      <span>
                        <img src="failed.png" width="3%"/>
                        <a href="#" panel-name="suite-Sapphirus_Systems_Pvt_Ltd" title="com.cucumber.TestRunner.UserBulkWithoutApprovalRunner" class="method navigator-link" hash-for-method="feature(Institution User - Check the flow of Bulk with Approvals)">feature(Institution User - Check the flow of Bulk with Approvals)</a> <!-- method navigator-link -->
                      </span>
                      <br/>
                      <span>
                        <img src="failed.png" width="3%"/>
                        <a href="#" panel-name="suite-Sapphirus_Systems_Pvt_Ltd" title="com.cucumber.TestRunner.AdminGeneratedCertificatesRunner" class="method navigator-link" hash-for-method="feature(Institution Admin - Check the flow of Generated Certificates)">feature(Institution Admin - Check the flow of Generated Certificates)</a> <!-- method navigator-link -->
                      </span>
                      <br/>
                      <span>
                        <img src="failed.png" width="3%"/>
                        <a href="#" panel-name="suite-Sapphirus_Systems_Pvt_Ltd" title="com.cucumber.TestRunner.UserInternalPrintingRunner" class="method navigator-link" hash-for-method="feature(Title of your feature)">feature(Title of your feature)</a> <!-- method navigator-link -->
                      </span>
                      <br/>
                    </div> <!-- method-list-content failed suite-Sapphirus_Systems_Pvt_Ltd -->
                  </li>
                  <li>
                    <span class="method-list-title passed">Passed methods</span>
                    <span class="show-or-hide-methods passed">
                      <a href="#" panel-name="suite-Sapphirus_Systems_Pvt_Ltd" class="hide-methods passed suite-Sapphirus_Systems_Pvt_Ltd"> (hide)</a> <!-- hide-methods passed suite-Sapphirus_Systems_Pvt_Ltd -->
                      <a href="#" panel-name="suite-Sapphirus_Systems_Pvt_Ltd" class="show-methods passed suite-Sapphirus_Systems_Pvt_Ltd"> (show)</a> <!-- show-methods passed suite-Sapphirus_Systems_Pvt_Ltd -->
                    </span>
                    <div class="method-list-content passed suite-Sapphirus_Systems_Pvt_Ltd">
                      <span>
                        <img src="passed.png" width="3%"/>
                        <a href="#" panel-name="suite-Sapphirus_Systems_Pvt_Ltd" title="com.cucumber.TestRunner.AdminVerifiedCertificatesRunner" class="method navigator-link" hash-for-method="feature(Institution Admin - Check the flow of Verified Certificates)">feature(Institution Admin - Check the flow of Verified Certificates)</a> <!-- method navigator-link -->
                      </span>
                      <br/>
                      <span>
                        <img src="passed.png" width="3%"/>
                        <a href="#" panel-name="suite-Sapphirus_Systems_Pvt_Ltd" title="com.cucumber.TestRunner.AdminRecentCertificateGenerationsRevokeRunner" class="method navigator-link" hash-for-method="feature(Institution Admin - Check the flow of Recent Certificate Generations Revoke)">feature(Institution Admin - Check the flow of Recent Certificate Generations Revoke)</a> <!-- method navigator-link -->
                      </span>
                      <br/>
                      <span>
                        <img src="passed.png" width="3%"/>
                        <a href="#" panel-name="suite-Sapphirus_Systems_Pvt_Ltd" title="com.cucumber.TestRunner.AdminUpdateInstitutionRunner" class="method navigator-link" hash-for-method="feature(Institution Admin - Check the flow of Update Institution)">feature(Institution Admin - Check the flow of Update Institution)</a> <!-- method navigator-link -->
                      </span>
                      <br/>
                      <span>
                        <img src="passed.png" width="3%"/>
                        <a href="#" panel-name="suite-Sapphirus_Systems_Pvt_Ltd" title="com.cucumber.TestRunner.UserRecentCertificateGenerationsRecallRunner" class="method navigator-link" hash-for-method="feature(Institution User - Check the flow of Recent Certificate Generations Recall)">feature(Institution User - Check the flow of Recent Certificate Generations Recall)</a> <!-- method navigator-link -->
                      </span>
                      <br/>
                      <span>
                        <img src="passed.png" width="3%"/>
                        <a href="#" panel-name="suite-Sapphirus_Systems_Pvt_Ltd" title="com.cucumber.TestRunner.UserVerifiedCertificatesRunner" class="method navigator-link" hash-for-method="feature(Institution User - Check the flow of Verified Certificates)">feature(Institution User - Check the flow of Verified Certificates)</a> <!-- method navigator-link -->
                      </span>
                      <br/>
                      <span>
                        <img src="passed.png" width="3%"/>
                        <a href="#" panel-name="suite-Sapphirus_Systems_Pvt_Ltd" title="com.cucumber.TestRunner.OrgSalesReceiptsRunner" class="method navigator-link" hash-for-method="feature(Organisation Sales - Check the flow of Organisation Sales Reports Receipts)">feature(Organisation Sales - Check the flow of Organisation Sales Reports Receipts)</a> <!-- method navigator-link -->
                      </span>
                      <br/>
                      <span>
                        <img src="passed.png" width="3%"/>
                        <a href="#" panel-name="suite-Sapphirus_Systems_Pvt_Ltd" title="com.cucumber.TestRunner.AdminRegistrationRunner" class="method navigator-link" hash-for-method="feature(Institution Admin - Check the flow of Registration)">feature(Institution Admin - Check the flow of Registration)</a> <!-- method navigator-link -->
                      </span>
                      <br/>
                      <span>
                        <img src="passed.png" width="3%"/>
                        <a href="#" panel-name="suite-Sapphirus_Systems_Pvt_Ltd" title="com.cucumber.TestRunner.OrgMgmtChangePasswordRunner" class="method navigator-link" hash-for-method="feature(Organization Management - Check the flow of ChangePassword)">feature(Organization Management - Check the flow of ChangePassword)</a> <!-- method navigator-link -->
                      </span>
                      <br/>
                      <span>
                        <img src="passed.png" width="3%"/>
                        <a href="#" panel-name="suite-Sapphirus_Systems_Pvt_Ltd" title="com.cucumber.TestRunner.OrgSalesLaunchTheApplicationRunner" class="method navigator-link" hash-for-method="feature(Organisation Sales - Check the flow of Launch the application)">feature(Organisation Sales - Check the flow of Launch the application)</a> <!-- method navigator-link -->
                      </span>
                      <br/>
                      <span>
                        <img src="passed.png" width="3%"/>
                        <a href="#" panel-name="suite-Sapphirus_Systems_Pvt_Ltd" title="com.cucumber.TestRunner.UserNewMailEditRunner" class="method navigator-link" hash-for-method="feature(Institution User - Check the flow of New Mail Edit)">feature(Institution User - Check the flow of New Mail Edit)</a> <!-- method navigator-link -->
                      </span>
                      <br/>
                      <span>
                        <img src="passed.png" width="3%"/>
                        <a href="#" panel-name="suite-Sapphirus_Systems_Pvt_Ltd" title="com.cucumber.TestRunner.AdminCertificateApprovalsRunner" class="method navigator-link" hash-for-method="feature(Institute Admin - Check the flow of CertificatesApprovals)">feature(Institute Admin - Check the flow of CertificatesApprovals)</a> <!-- method navigator-link -->
                      </span>
                      <br/>
                      <span>
                        <img src="passed.png" width="3%"/>
                        <a href="#" panel-name="suite-Sapphirus_Systems_Pvt_Ltd" title="com.cucumber.TestRunner.UserBulkGeneratedCertficatesRunner" class="method navigator-link" hash-for-method="feature(Institution User - Check the flow of Bulk Generated certificates)">feature(Institution User - Check the flow of Bulk Generated certificates)</a> <!-- method navigator-link -->
                      </span>
                      <br/>
                      <span>
                        <img src="passed.png" width="3%"/>
                        <a href="#" panel-name="suite-Sapphirus_Systems_Pvt_Ltd" title="com.cucumber.TestRunner.AdminUpdateProfileRunner" class="method navigator-link" hash-for-method="feature(Institution Admin - Check the flow of Updateprofile)">feature(Institution Admin - Check the flow of Updateprofile)</a> <!-- method navigator-link -->
                      </span>
                      <br/>
                      <span>
                        <img src="passed.png" width="3%"/>
                        <a href="#" panel-name="suite-Sapphirus_Systems_Pvt_Ltd" title="com.cucumber.TestRunner.UserUpdateProfileRunner" class="method navigator-link" hash-for-method="feature(Institution User - Check the flow of Updateprofile)">feature(Institution User - Check the flow of Updateprofile)</a> <!-- method navigator-link -->
                      </span>
                      <br/>
                      <span>
                        <img src="passed.png" width="3%"/>
                        <a href="#" panel-name="suite-Sapphirus_Systems_Pvt_Ltd" title="com.cucumber.TestRunner.UserVerificationURLRunner" class="method navigator-link" hash-for-method="feature(Institution User - Check the flow of Verification URL)">feature(Institution User - Check the flow of Verification URL)</a> <!-- method navigator-link -->
                      </span>
                      <br/>
                      <span>
                        <img src="passed.png" width="3%"/>
                        <a href="#" panel-name="suite-Sapphirus_Systems_Pvt_Ltd" title="com.cucumber.TestRunner.ApprovalSettingsRunner" class="method navigator-link" hash-for-method="feature(Institution Admin - Check the flow of Approval Settings)">feature(Institution Admin - Check the flow of Approval Settings)</a> <!-- method navigator-link -->
                      </span>
                      <br/>
                      <span>
                        <img src="passed.png" width="3%"/>
                        <a href="#" panel-name="suite-Sapphirus_Systems_Pvt_Ltd" title="com.cucumber.TestRunner.OrgSalesChangePasswordRunner" class="method navigator-link" hash-for-method="feature(Orgnaisation Sales - Check the flow of Change Password)">feature(Orgnaisation Sales - Check the flow of Change Password)</a> <!-- method navigator-link -->
                      </span>
                      <br/>
                      <span>
                        <img src="passed.png" width="3%"/>
                        <a href="#" panel-name="suite-Sapphirus_Systems_Pvt_Ltd" title="com.cucumber.TestRunner.OrgMgmtLaunchTheApplicationRunner" class="method navigator-link" hash-for-method="feature(Organisation Management - Check the flow of Launch the application)">feature(Organisation Management - Check the flow of Launch the application)</a> <!-- method navigator-link -->
                      </span>
                      <br/>
                      <span>
                        <img src="passed.png" width="3%"/>
                        <a href="#" panel-name="suite-Sapphirus_Systems_Pvt_Ltd" title="com.cucumber.TestRunner.UserVerifyCertificatesRunner" class="method navigator-link" hash-for-method="feature(Institution User - Check the flow of Institution User Verify Certificates)">feature(Institution User - Check the flow of Institution User Verify Certificates)</a> <!-- method navigator-link -->
                      </span>
                      <br/>
                      <span>
                        <img src="passed.png" width="3%"/>
                        <a href="#" panel-name="suite-Sapphirus_Systems_Pvt_Ltd" title="com.cucumber.TestRunner.UserRecentCertificateGenerationsRevokeRunner" class="method navigator-link" hash-for-method="feature(Institution User - Check the flow of Recent Certificate Generations Revoke)">feature(Institution User - Check the flow of Recent Certificate Generations Revoke)</a> <!-- method navigator-link -->
                      </span>
                      <br/>
                      <span>
                        <img src="passed.png" width="3%"/>
                        <a href="#" panel-name="suite-Sapphirus_Systems_Pvt_Ltd" title="com.cucumber.TestRunner.AdminRecentCertificateGenerationsandVerificationsSendMailRunner" class="method navigator-link" hash-for-method="feature(Institution User - Check the flow of Recent Certificate GenerationsandVerification Send Mail)">feature(Institution User - Check the flow of Recent Certificate GenerationsandVerification Send Mail)</a> <!-- method navigator-link -->
                      </span>
                      <br/>
                      <span>
                        <img src="passed.png" width="3%"/>
                        <a href="#" panel-name="suite-Sapphirus_Systems_Pvt_Ltd" title="com.cucumber.TestRunner.OrgMgmtUpdateProfileRunner" class="method navigator-link" hash-for-method="feature(Organisation Management - Check the flow of Update Profile)">feature(Organisation Management - Check the flow of Update Profile)</a> <!-- method navigator-link -->
                      </span>
                      <br/>
                      <span>
                        <img src="passed.png" width="3%"/>
                        <a href="#" panel-name="suite-Sapphirus_Systems_Pvt_Ltd" title="com.cucumber.TestRunner.AdminAddCertificateTypeRunner" class="method navigator-link" hash-for-method="feature(Institution Admin - Check the flow of Add Certificate Type)">feature(Institution Admin - Check the flow of Add Certificate Type)</a> <!-- method navigator-link -->
                      </span>
                      <br/>
                      <span>
                        <img src="passed.png" width="3%"/>
                        <a href="#" panel-name="suite-Sapphirus_Systems_Pvt_Ltd" title="com.cucumber.TestRunner.AdminRecentCertificateGenerationsRecallRunner" class="method navigator-link" hash-for-method="feature(Institution User - Check the flow of Recent Certificate Generations Recall)">feature(Institution User - Check the flow of Recent Certificate Generations Recall)</a> <!-- method navigator-link -->
                      </span>
                      <br/>
                    </div> <!-- method-list-content passed suite-Sapphirus_Systems_Pvt_Ltd -->
                  </li>
                </ul>
              </div> <!-- suite-section-content -->
            </div> <!-- result-section -->
          </div> <!-- navigator-suite-content -->
        </div> <!-- rounded-window -->
      </div> <!-- suite -->
    </div> <!-- navigator-root -->
    <div class="wrapper">
      <div class="main-panel-root">
        <div panel-name="suite-Sapphirus_Systems_Pvt_Ltd" class="panel Sapphirus_Systems_Pvt_Ltd">
          <div class="suite-Sapphirus_Systems_Pvt_Ltd-class-failed">
            <div class="main-panel-header rounded-window-top">
              <img src="failed.png"/>
              <span class="class-name">com.cucumber.TestRunner.UserBulkWithoutApprovalRunner</span>
            </div> <!-- main-panel-header rounded-window-top -->
            <div class="main-panel-content rounded-window-bottom">
              <div class="method">
                <div class="method-content">
                  <a name="feature(Institution User - Check the flow of Bulk with Approvals)">
                  </a> <!-- feature(Institution User - Check the flow of Bulk with Approvals) -->
                  <span class="method-name">feature</span>
                  <span class="parameters">(Institution User - Check the flow of Bulk with Approvals)</span>
                  <div class="stack-trace">cucumber.runtime.CucumberException: org.openqa.selenium.NoSuchElementException: no such element: Unable to locate element: {&quot;method&quot;:&quot;xpath&quot;,&quot;selector&quot;:&quot;//button[text()=&apos;Ok&apos;]&quot;}
  (Session info: chrome=122.0.6261.129)
For documentation on this error, please visit: https://www.selenium.dev/documentation/webdriver/troubleshooting/errors#no-such-element-exception
Build info: version: &apos;4.12.1&apos;, revision: &apos;8e34639b11&apos;
System info: os.name: &apos;Windows 10&apos;, os.arch: &apos;amd64&apos;, os.version: &apos;10.0&apos;, java.version: &apos;11.0.20&apos;
Driver info: org.openqa.selenium.chrome.ChromeDriver
Command: [55afc6251f0815d780accba35b6f608b, findElement {using=xpath, value=//button[text()=&apos;Ok&apos;]}]
Capabilities {acceptInsecureCerts: false, browserName: chrome, browserVersion: 122.0.6261.129, chrome: {chromedriverVersion: 121.0.6167.85 (3f98d690ad7e..., userDataDir: C:\Users\admin\AppData\Loca...}, fedcm:accounts: true, goog:chromeOptions: {debuggerAddress: localhost:54294}, networkConnectionEnabled: false, pageLoadStrategy: normal, platformName: windows, proxy: Proxy(), se:cdp: ws://localhost:54294/devtoo..., se:cdpVersion: 122.0.6261.129, setWindowRect: true, strictFileInteractability: false, timeouts: {implicit: 0, pageLoad: 300000, script: 30000}, unhandledPromptBehavior: dismiss and notify, webauthn:extension:credBlob: true, webauthn:extension:largeBlob: true, webauthn:extension:minPinLength: true, webauthn:extension:prf: true, webauthn:virtualAuthenticators: true}
Session ID: 55afc6251f0815d780accba35b6f608b
	at cucumber.api.testng.TestNGCucumberRunner.runCucumber(TestNGCucumberRunner.java:69)
	at cucumber.api.testng.AbstractTestNGCucumberTests.feature(AbstractTestNGCucumberTests.java:21)
Caused by: org.openqa.selenium.NoSuchElementException: no such element: Unable to locate element: {&quot;method&quot;:&quot;xpath&quot;,&quot;selector&quot;:&quot;//button[text()=&apos;Ok&apos;]&quot;}
  (Session info: chrome=122.0.6261.129)
For documentation on this error, please visit: https://www.selenium.dev/documentation/webdriver/troubleshooting/errors#no-such-element-exception
Build info: version: &apos;4.12.1&apos;, revision: &apos;8e34639b11&apos;
System info: os.name: &apos;Windows 10&apos;, os.arch: &apos;amd64&apos;, os.version: &apos;10.0&apos;, java.version: &apos;11.0.20&apos;
Driver info: org.openqa.selenium.chrome.ChromeDriver
Command: [55afc6251f0815d780accba35b6f608b, findElement {using=xpath, value=//button[text()=&apos;Ok&apos;]}]
Capabilities {acceptInsecureCerts: false, browserName: chrome, browserVersion: 122.0.6261.129, chrome: {chromedriverVersion: 121.0.6167.85 (3f98d690ad7e..., userDataDir: C:\Users\admin\AppData\Loca...}, fedcm:accounts: true, goog:chromeOptions: {debuggerAddress: localhost:54294}, networkConnectionEnabled: false, pageLoadStrategy: normal, platformName: windows, proxy: Proxy(), se:cdp: ws://localhost:54294/devtoo..., se:cdpVersion: 122.0.6261.129, setWindowRect: true, strictFileInteractability: false, timeouts: {implicit: 0, pageLoad: 300000, script: 30000}, unhandledPromptBehavior: dismiss and notify, webauthn:extension:credBlob: true, webauthn:extension:largeBlob: true, webauthn:extension:minPinLength: true, webauthn:extension:prf: true, webauthn:virtualAuthenticators: true}
Session ID: 55afc6251f0815d780accba35b6f608b
	at org.openqa.selenium.remote.codec.w3c.W3CHttpResponseCodec.createException(W3CHttpResponseCodec.java:200)
	at org.openqa.selenium.remote.codec.w3c.W3CHttpResponseCodec.decode(W3CHttpResponseCodec.java:133)
	at org.openqa.selenium.remote.codec.w3c.W3CHttpResponseCodec.decode(W3CHttpResponseCodec.java:52)
	at org.openqa.selenium.remote.HttpCommandExecutor.execute(HttpCommandExecutor.java:191)
	at org.openqa.selenium.remote.service.DriverCommandExecutor.invokeExecute(DriverCommandExecutor.java:196)
	at org.openqa.selenium.remote.service.DriverCommandExecutor.execute(DriverCommandExecutor.java:171)
	at org.openqa.selenium.remote.RemoteWebDriver.execute(RemoteWebDriver.java:602)
	at org.openqa.selenium.remote.ElementLocation$ElementFinder$2.findElement(ElementLocation.java:165)
	at org.openqa.selenium.remote.ElementLocation.findElement(ElementLocation.java:59)
	at org.openqa.selenium.remote.RemoteWebDriver.findElement(RemoteWebDriver.java:359)
	at org.openqa.selenium.remote.RemoteWebDriver.findElement(RemoteWebDriver.java:353)
	at com.cucumber.PageObjects.UserBulkWithoutApprovalPageObjects.uploadthedatafiles(UserBulkWithoutApprovalPageObjects.java:166)
	at com.cucumber.stepdefination.UserBulkWithoutApprovalSteps.upload_the_data_files(UserBulkWithoutApprovalSteps.java:77)
	at ✽.Then upload the data files(src/test/resources/features/UserBulkWithoutApproval.feature:17)
... Removed 27 stack frames
</div> <!-- stack-trace -->
                  <em>
(Runs Cucumber Feature)                  </em>
                </div> <!-- method-content -->
              </div> <!-- method -->
            </div> <!-- main-panel-content rounded-window-bottom -->
          </div> <!-- suite-Sapphirus_Systems_Pvt_Ltd-class-failed -->
          <div class="suite-Sapphirus_Systems_Pvt_Ltd-class-failed">
            <div class="main-panel-header rounded-window-top">
              <img src="failed.png"/>
              <span class="class-name">com.cucumber.TestRunner.AdminChangePasswordRunner</span>
            </div> <!-- main-panel-header rounded-window-top -->
            <div class="main-panel-content rounded-window-bottom">
              <div class="method">
                <div class="method-content">
                  <a name="feature(Institution Admin - Check the flow of ChangePassword)">
                  </a> <!-- feature(Institution Admin - Check the flow of ChangePassword) -->
                  <span class="method-name">feature</span>
                  <span class="parameters">(Institution Admin - Check the flow of ChangePassword)</span>
                  <div class="stack-trace">cucumber.runtime.CucumberException: org.openqa.selenium.TimeoutException: Expected condition failed: waiting for visibility of [[ChromeDriver: chrome on windows (ed6e9f16ac09caa3e0d6af4da3a516de)] -&gt; xpath: //a[text()=&apos;Change Password &apos;]] (tried for 30 second(s) with 8000 milliseconds interval)
Build info: version: &apos;4.12.1&apos;, revision: &apos;8e34639b11&apos;
System info: os.name: &apos;Windows 10&apos;, os.arch: &apos;amd64&apos;, os.version: &apos;10.0&apos;, java.version: &apos;11.0.20&apos;
Driver info: driver.version: unknown
	at cucumber.api.testng.TestNGCucumberRunner.runCucumber(TestNGCucumberRunner.java:69)
	at cucumber.api.testng.AbstractTestNGCucumberTests.feature(AbstractTestNGCucumberTests.java:21)
Caused by: org.openqa.selenium.TimeoutException: Expected condition failed: waiting for visibility of [[ChromeDriver: chrome on windows (ed6e9f16ac09caa3e0d6af4da3a516de)] -&gt; xpath: //a[text()=&apos;Change Password &apos;]] (tried for 30 second(s) with 8000 milliseconds interval)
Build info: version: &apos;4.12.1&apos;, revision: &apos;8e34639b11&apos;
System info: os.name: &apos;Windows 10&apos;, os.arch: &apos;amd64&apos;, os.version: &apos;10.0&apos;, java.version: &apos;11.0.20&apos;
Driver info: driver.version: unknown
	at org.openqa.selenium.support.ui.FluentWait.timeoutException(FluentWait.java:262)
	at org.openqa.selenium.support.ui.FluentWait.until(FluentWait.java:230)
	at com.cucumber.TestBase.TestBase.waitForElement(TestBase.java:84)
	at com.cucumber.PageObjects.AdminChangePasswordPageObjects.clickthechangepasswordfield(AdminChangePasswordPageObjects.java:64)
	at com.cucumber.stepdefination.AdminChangePasswordSteps.click_the_Change_Password_field(AdminChangePasswordSteps.java:35)
	at ✽.Then Click the Change Password field(src/test/resources/features/AdminChangePassword.feature:8)
... Removed 24 stack frames
</div> <!-- stack-trace -->
                  <em>
(Runs Cucumber Feature)                  </em>
                </div> <!-- method-content -->
              </div> <!-- method -->
            </div> <!-- main-panel-content rounded-window-bottom -->
          </div> <!-- suite-Sapphirus_Systems_Pvt_Ltd-class-failed -->
          <div class="suite-Sapphirus_Systems_Pvt_Ltd-class-failed">
            <div class="main-panel-header rounded-window-top">
              <img src="failed.png"/>
              <span class="class-name">com.cucumber.TestRunner.UserGenerateSingleWithoutApprovalRunner</span>
            </div> <!-- main-panel-header rounded-window-top -->
            <div class="main-panel-content rounded-window-bottom">
              <div class="method">
                <div class="method-content">
                  <a name="feature(Institution User - Check the flow of Generate Single Without Approval)">
                  </a> <!-- feature(Institution User - Check the flow of Generate Single Without Approval) -->
                  <span class="method-name">feature</span>
                  <span class="parameters">(Institution User - Check the flow of Generate Single Without Approval)</span>
                  <div class="stack-trace">cucumber.runtime.CucumberException: org.openqa.selenium.NoSuchElementException: no such element: Unable to locate element: {&quot;method&quot;:&quot;xpath&quot;,&quot;selector&quot;:&quot;//input[@value=&apos;Generate Certificate&apos;]&quot;}
  (Session info: chrome=122.0.6261.129)
For documentation on this error, please visit: https://www.selenium.dev/documentation/webdriver/troubleshooting/errors#no-such-element-exception
Build info: version: &apos;4.12.1&apos;, revision: &apos;8e34639b11&apos;
System info: os.name: &apos;Windows 10&apos;, os.arch: &apos;amd64&apos;, os.version: &apos;10.0&apos;, java.version: &apos;11.0.20&apos;
Driver info: org.openqa.selenium.chrome.ChromeDriver
Command: [486f1ddc899bc0bce51ceae148a5b862, findElement {using=xpath, value=//input[@value=&apos;Generate Certificate&apos;]}]
Capabilities {acceptInsecureCerts: false, browserName: chrome, browserVersion: 122.0.6261.129, chrome: {chromedriverVersion: 121.0.6167.85 (3f98d690ad7e..., userDataDir: C:\Users\admin\AppData\Loca...}, fedcm:accounts: true, goog:chromeOptions: {debuggerAddress: localhost:54214}, networkConnectionEnabled: false, pageLoadStrategy: normal, platformName: windows, proxy: Proxy(), se:cdp: ws://localhost:54214/devtoo..., se:cdpVersion: 122.0.6261.129, setWindowRect: true, strictFileInteractability: false, timeouts: {implicit: 0, pageLoad: 300000, script: 30000}, unhandledPromptBehavior: dismiss and notify, webauthn:extension:credBlob: true, webauthn:extension:largeBlob: true, webauthn:extension:minPinLength: true, webauthn:extension:prf: true, webauthn:virtualAuthenticators: true}
Session ID: 486f1ddc899bc0bce51ceae148a5b862
	at cucumber.api.testng.TestNGCucumberRunner.runCucumber(TestNGCucumberRunner.java:69)
	at cucumber.api.testng.AbstractTestNGCucumberTests.feature(AbstractTestNGCucumberTests.java:21)
Caused by: org.openqa.selenium.NoSuchElementException: no such element: Unable to locate element: {&quot;method&quot;:&quot;xpath&quot;,&quot;selector&quot;:&quot;//input[@value=&apos;Generate Certificate&apos;]&quot;}
  (Session info: chrome=122.0.6261.129)
For documentation on this error, please visit: https://www.selenium.dev/documentation/webdriver/troubleshooting/errors#no-such-element-exception
Build info: version: &apos;4.12.1&apos;, revision: &apos;8e34639b11&apos;
System info: os.name: &apos;Windows 10&apos;, os.arch: &apos;amd64&apos;, os.version: &apos;10.0&apos;, java.version: &apos;11.0.20&apos;
Driver info: org.openqa.selenium.chrome.ChromeDriver
Command: [486f1ddc899bc0bce51ceae148a5b862, findElement {using=xpath, value=//input[@value=&apos;Generate Certificate&apos;]}]
Capabilities {acceptInsecureCerts: false, browserName: chrome, browserVersion: 122.0.6261.129, chrome: {chromedriverVersion: 121.0.6167.85 (3f98d690ad7e..., userDataDir: C:\Users\admin\AppData\Loca...}, fedcm:accounts: true, goog:chromeOptions: {debuggerAddress: localhost:54214}, networkConnectionEnabled: false, pageLoadStrategy: normal, platformName: windows, proxy: Proxy(), se:cdp: ws://localhost:54214/devtoo..., se:cdpVersion: 122.0.6261.129, setWindowRect: true, strictFileInteractability: false, timeouts: {implicit: 0, pageLoad: 300000, script: 30000}, unhandledPromptBehavior: dismiss and notify, webauthn:extension:credBlob: true, webauthn:extension:largeBlob: true, webauthn:extension:minPinLength: true, webauthn:extension:prf: true, webauthn:virtualAuthenticators: true}
Session ID: 486f1ddc899bc0bce51ceae148a5b862
	at org.openqa.selenium.remote.codec.w3c.W3CHttpResponseCodec.createException(W3CHttpResponseCodec.java:200)
	at org.openqa.selenium.remote.codec.w3c.W3CHttpResponseCodec.decode(W3CHttpResponseCodec.java:133)
	at org.openqa.selenium.remote.codec.w3c.W3CHttpResponseCodec.decode(W3CHttpResponseCodec.java:52)
	at org.openqa.selenium.remote.HttpCommandExecutor.execute(HttpCommandExecutor.java:191)
	at org.openqa.selenium.remote.service.DriverCommandExecutor.invokeExecute(DriverCommandExecutor.java:196)
	at org.openqa.selenium.remote.service.DriverCommandExecutor.execute(DriverCommandExecutor.java:171)
	at org.openqa.selenium.remote.RemoteWebDriver.execute(RemoteWebDriver.java:602)
	at org.openqa.selenium.remote.ElementLocation$ElementFinder$2.findElement(ElementLocation.java:165)
	at org.openqa.selenium.remote.ElementLocation.findElement(ElementLocation.java:59)
	at org.openqa.selenium.remote.RemoteWebDriver.findElement(RemoteWebDriver.java:359)
	at org.openqa.selenium.remote.RemoteWebDriver.findElement(RemoteWebDriver.java:353)
	at com.cucumber.PageObjects.UserGenerateSingleWithoutApprovalPageObjects.clicktheGenerateCertificatebutton(UserGenerateSingleWithoutApprovalPageObjects.java:192)
	at com.cucumber.stepdefination.UserGenerateSingleWithoutApprovalSteps.click_the_Generate_Certificate_button(UserGenerateSingleWithoutApprovalSteps.java:80)
	at ✽.Then click the Generate Certificate button(src/test/resources/features/UserGenerateSingleWithoutApproval.feature:17)
... Removed 27 stack frames
</div> <!-- stack-trace -->
                  <em>
(Runs Cucumber Feature)                  </em>
                </div> <!-- method-content -->
              </div> <!-- method -->
            </div> <!-- main-panel-content rounded-window-bottom -->
          </div> <!-- suite-Sapphirus_Systems_Pvt_Ltd-class-failed -->
          <div class="suite-Sapphirus_Systems_Pvt_Ltd-class-failed">
            <div class="main-panel-header rounded-window-top">
              <img src="failed.png"/>
              <span class="class-name">com.cucumber.TestRunner.UserInternalPrintingRunner</span>
            </div> <!-- main-panel-header rounded-window-top -->
            <div class="main-panel-content rounded-window-bottom">
              <div class="method">
                <div class="method-content">
                  <a name="feature(Title of your feature)">
                  </a> <!-- feature(Title of your feature) -->
                  <span class="method-name">feature</span>
                  <span class="parameters">(Title of your feature)</span>
                  <div class="stack-trace">cucumber.runtime.CucumberException: org.openqa.selenium.ElementClickInterceptedException: element click intercepted: Element &lt;input _ngcontent-tos-c80=&quot;&quot; type=&quot;submit&quot; id=&quot;rcfrmsubmit&quot; value=&quot;Next&quot; class=&quot;btn btn-primary&quot;&gt; is not clickable at point (734, 541). Other element would receive the click: &lt;div _ngcontent-tos-c90=&quot;&quot; class=&quot;loader-box&quot;&gt;...&lt;/div&gt;
  (Session info: chrome=122.0.6261.129)
Build info: version: &apos;4.12.1&apos;, revision: &apos;8e34639b11&apos;
System info: os.name: &apos;Windows 10&apos;, os.arch: &apos;amd64&apos;, os.version: &apos;10.0&apos;, java.version: &apos;11.0.20&apos;
Driver info: org.openqa.selenium.chrome.ChromeDriver
Command: [0a5da1a29216f6fd02559093902dc646, clickElement {id=4BCD3E7162854EDBCADE769F7DA79F57_element_1921}]
Capabilities {acceptInsecureCerts: false, browserName: chrome, browserVersion: 122.0.6261.129, chrome: {chromedriverVersion: 121.0.6167.85 (3f98d690ad7e..., userDataDir: C:\Users\admin\AppData\Loca...}, fedcm:accounts: true, goog:chromeOptions: {debuggerAddress: localhost:54412}, networkConnectionEnabled: false, pageLoadStrategy: normal, platformName: windows, proxy: Proxy(), se:cdp: ws://localhost:54412/devtoo..., se:cdpVersion: 122.0.6261.129, setWindowRect: true, strictFileInteractability: false, timeouts: {implicit: 0, pageLoad: 300000, script: 30000}, unhandledPromptBehavior: dismiss and notify, webauthn:extension:credBlob: true, webauthn:extension:largeBlob: true, webauthn:extension:minPinLength: true, webauthn:extension:prf: true, webauthn:virtualAuthenticators: true}
Element: [[ChromeDriver: chrome on windows (0a5da1a29216f6fd02559093902dc646)] -&gt; xpath: //input[@value=&apos;Next&apos;]]
Session ID: 0a5da1a29216f6fd02559093902dc646
	at cucumber.api.testng.TestNGCucumberRunner.runCucumber(TestNGCucumberRunner.java:69)
	at cucumber.api.testng.AbstractTestNGCucumberTests.feature(AbstractTestNGCucumberTests.java:21)
Caused by: org.openqa.selenium.ElementClickInterceptedException: element click intercepted: Element &lt;input _ngcontent-tos-c80=&quot;&quot; type=&quot;submit&quot; id=&quot;rcfrmsubmit&quot; value=&quot;Next&quot; class=&quot;btn btn-primary&quot;&gt; is not clickable at point (734, 541). Other element would receive the click: &lt;div _ngcontent-tos-c90=&quot;&quot; class=&quot;loader-box&quot;&gt;...&lt;/div&gt;
  (Session info: chrome=122.0.6261.129)
Build info: version: &apos;4.12.1&apos;, revision: &apos;8e34639b11&apos;
System info: os.name: &apos;Windows 10&apos;, os.arch: &apos;amd64&apos;, os.version: &apos;10.0&apos;, java.version: &apos;11.0.20&apos;
Driver info: org.openqa.selenium.chrome.ChromeDriver
Command: [0a5da1a29216f6fd02559093902dc646, clickElement {id=4BCD3E7162854EDBCADE769F7DA79F57_element_1921}]
Capabilities {acceptInsecureCerts: false, browserName: chrome, browserVersion: 122.0.6261.129, chrome: {chromedriverVersion: 121.0.6167.85 (3f98d690ad7e..., userDataDir: C:\Users\admin\AppData\Loca...}, fedcm:accounts: true, goog:chromeOptions: {debuggerAddress: localhost:54412}, networkConnectionEnabled: false, pageLoadStrategy: normal, platformName: windows, proxy: Proxy(), se:cdp: ws://localhost:54412/devtoo..., se:cdpVersion: 122.0.6261.129, setWindowRect: true, strictFileInteractability: false, timeouts: {implicit: 0, pageLoad: 300000, script: 30000}, unhandledPromptBehavior: dismiss and notify, webauthn:extension:credBlob: true, webauthn:extension:largeBlob: true, webauthn:extension:minPinLength: true, webauthn:extension:prf: true, webauthn:virtualAuthenticators: true}
Element: [[ChromeDriver: chrome on windows (0a5da1a29216f6fd02559093902dc646)] -&gt; xpath: //input[@value=&apos;Next&apos;]]
Session ID: 0a5da1a29216f6fd02559093902dc646
	at org.openqa.selenium.remote.codec.w3c.W3CHttpResponseCodec.createException(W3CHttpResponseCodec.java:200)
	at org.openqa.selenium.remote.codec.w3c.W3CHttpResponseCodec.decode(W3CHttpResponseCodec.java:133)
	at org.openqa.selenium.remote.codec.w3c.W3CHttpResponseCodec.decode(W3CHttpResponseCodec.java:52)
	at org.openqa.selenium.remote.HttpCommandExecutor.execute(HttpCommandExecutor.java:191)
	at org.openqa.selenium.remote.service.DriverCommandExecutor.invokeExecute(DriverCommandExecutor.java:196)
	at org.openqa.selenium.remote.service.DriverCommandExecutor.execute(DriverCommandExecutor.java:171)
	at org.openqa.selenium.remote.RemoteWebDriver.execute(RemoteWebDriver.java:602)
	at org.openqa.selenium.remote.RemoteWebElement.execute(RemoteWebElement.java:224)
	at org.openqa.selenium.remote.RemoteWebElement.click(RemoteWebElement.java:77)
	at com.cucumber.PageObjects.InternalPrintingPageObjects.generateQRCode(InternalPrintingPageObjects.java:83)
	at com.cucumber.stepdefination.InternalPrintingSteps.generate_the_QR_Code(InternalPrintingSteps.java:36)
	at ✽.And Generate the QR Code(src/test/resources/features/UserInternalPrinting.feature:9)
... Removed 27 stack frames
</div> <!-- stack-trace -->
                  <em>
(Runs Cucumber Feature)                  </em>
                </div> <!-- method-content -->
              </div> <!-- method -->
            </div> <!-- main-panel-content rounded-window-bottom -->
          </div> <!-- suite-Sapphirus_Systems_Pvt_Ltd-class-failed -->
          <div class="suite-Sapphirus_Systems_Pvt_Ltd-class-failed">
            <div class="main-panel-header rounded-window-top">
              <img src="failed.png"/>
              <span class="class-name">com.cucumber.TestRunner.AdminGeneratedCertificatesRunner</span>
            </div> <!-- main-panel-header rounded-window-top -->
            <div class="main-panel-content rounded-window-bottom">
              <div class="method">
                <div class="method-content">
                  <a name="feature(Institution Admin - Check the flow of Generated Certificates)">
                  </a> <!-- feature(Institution Admin - Check the flow of Generated Certificates) -->
                  <span class="method-name">feature</span>
                  <span class="parameters">(Institution Admin - Check the flow of Generated Certificates)</span>
                  <div class="stack-trace">cucumber.runtime.CucumberException: org.openqa.selenium.NoSuchElementException: no such element: Unable to locate element: {&quot;method&quot;:&quot;xpath&quot;,&quot;selector&quot;:&quot;//button[normalize-space()=&apos;Ok&apos;]&quot;}
  (Session info: chrome=122.0.6261.129)
For documentation on this error, please visit: https://www.selenium.dev/documentation/webdriver/troubleshooting/errors#no-such-element-exception
Build info: version: &apos;4.12.1&apos;, revision: &apos;8e34639b11&apos;
System info: os.name: &apos;Windows 10&apos;, os.arch: &apos;amd64&apos;, os.version: &apos;10.0&apos;, java.version: &apos;11.0.20&apos;
Driver info: org.openqa.selenium.chrome.ChromeDriver
Command: [864d6a6e9f6b924d9e838bf9e6cb2597, findElement {using=xpath, value=//button[normalize-space()=&apos;Ok&apos;]}]
Capabilities {acceptInsecureCerts: false, browserName: chrome, browserVersion: 122.0.6261.129, chrome: {chromedriverVersion: 121.0.6167.85 (3f98d690ad7e..., userDataDir: C:\Users\admin\AppData\Loca...}, fedcm:accounts: true, goog:chromeOptions: {debuggerAddress: localhost:53673}, networkConnectionEnabled: false, pageLoadStrategy: normal, platformName: windows, proxy: Proxy(), se:cdp: ws://localhost:53673/devtoo..., se:cdpVersion: 122.0.6261.129, setWindowRect: true, strictFileInteractability: false, timeouts: {implicit: 0, pageLoad: 300000, script: 30000}, unhandledPromptBehavior: dismiss and notify, webauthn:extension:credBlob: true, webauthn:extension:largeBlob: true, webauthn:extension:minPinLength: true, webauthn:extension:prf: true, webauthn:virtualAuthenticators: true}
Session ID: 864d6a6e9f6b924d9e838bf9e6cb2597
	at cucumber.api.testng.TestNGCucumberRunner.runCucumber(TestNGCucumberRunner.java:69)
	at cucumber.api.testng.AbstractTestNGCucumberTests.feature(AbstractTestNGCucumberTests.java:21)
Caused by: org.openqa.selenium.NoSuchElementException: no such element: Unable to locate element: {&quot;method&quot;:&quot;xpath&quot;,&quot;selector&quot;:&quot;//button[normalize-space()=&apos;Ok&apos;]&quot;}
  (Session info: chrome=122.0.6261.129)
For documentation on this error, please visit: https://www.selenium.dev/documentation/webdriver/troubleshooting/errors#no-such-element-exception
Build info: version: &apos;4.12.1&apos;, revision: &apos;8e34639b11&apos;
System info: os.name: &apos;Windows 10&apos;, os.arch: &apos;amd64&apos;, os.version: &apos;10.0&apos;, java.version: &apos;11.0.20&apos;
Driver info: org.openqa.selenium.chrome.ChromeDriver
Command: [864d6a6e9f6b924d9e838bf9e6cb2597, findElement {using=xpath, value=//button[normalize-space()=&apos;Ok&apos;]}]
Capabilities {acceptInsecureCerts: false, browserName: chrome, browserVersion: 122.0.6261.129, chrome: {chromedriverVersion: 121.0.6167.85 (3f98d690ad7e..., userDataDir: C:\Users\admin\AppData\Loca...}, fedcm:accounts: true, goog:chromeOptions: {debuggerAddress: localhost:53673}, networkConnectionEnabled: false, pageLoadStrategy: normal, platformName: windows, proxy: Proxy(), se:cdp: ws://localhost:53673/devtoo..., se:cdpVersion: 122.0.6261.129, setWindowRect: true, strictFileInteractability: false, timeouts: {implicit: 0, pageLoad: 300000, script: 30000}, unhandledPromptBehavior: dismiss and notify, webauthn:extension:credBlob: true, webauthn:extension:largeBlob: true, webauthn:extension:minPinLength: true, webauthn:extension:prf: true, webauthn:virtualAuthenticators: true}
Session ID: 864d6a6e9f6b924d9e838bf9e6cb2597
	at org.openqa.selenium.remote.codec.w3c.W3CHttpResponseCodec.createException(W3CHttpResponseCodec.java:200)
	at org.openqa.selenium.remote.codec.w3c.W3CHttpResponseCodec.decode(W3CHttpResponseCodec.java:133)
	at org.openqa.selenium.remote.codec.w3c.W3CHttpResponseCodec.decode(W3CHttpResponseCodec.java:52)
	at org.openqa.selenium.remote.HttpCommandExecutor.execute(HttpCommandExecutor.java:191)
	at org.openqa.selenium.remote.service.DriverCommandExecutor.invokeExecute(DriverCommandExecutor.java:196)
	at org.openqa.selenium.remote.service.DriverCommandExecutor.execute(DriverCommandExecutor.java:171)
	at org.openqa.selenium.remote.RemoteWebDriver.execute(RemoteWebDriver.java:602)
	at org.openqa.selenium.remote.ElementLocation$ElementFinder$2.findElement(ElementLocation.java:165)
	at org.openqa.selenium.remote.ElementLocation.findElement(ElementLocation.java:59)
	at org.openqa.selenium.remote.RemoteWebDriver.findElement(RemoteWebDriver.java:359)
	at org.openqa.selenium.remote.RemoteWebDriver.findElement(RemoteWebDriver.java:353)
	at com.cucumber.PageObjects.AdminGeneratedCertificatesPageObjects.clickOnGeneratedCertificates(AdminGeneratedCertificatesPageObjects.java:104)
	at com.cucumber.stepdefination.AdminGeneratedCertificatesSteps.click_on_Generated_Certificates(AdminGeneratedCertificatesSteps.java:35)
	at ✽.Then Click on Generated Certificates(src/test/resources/features/AdminGeneratedCertificates.feature:7)
... Removed 28 stack frames
</div> <!-- stack-trace -->
                  <em>
(Runs Cucumber Feature)                  </em>
                </div> <!-- method-content -->
              </div> <!-- method -->
            </div> <!-- main-panel-content rounded-window-bottom -->
          </div> <!-- suite-Sapphirus_Systems_Pvt_Ltd-class-failed -->
          <div class="suite-Sapphirus_Systems_Pvt_Ltd-class-passed">
            <div class="main-panel-header rounded-window-top">
              <img src="passed.png"/>
              <span class="class-name">com.cucumber.TestRunner.AdminUpdateInstitutionRunner</span>
            </div> <!-- main-panel-header rounded-window-top -->
            <div class="main-panel-content rounded-window-bottom">
              <div class="method">
                <div class="method-content">
                  <a name="feature(Institution Admin - Check the flow of Update Institution)">
                  </a> <!-- feature(Institution Admin - Check the flow of Update Institution) -->
                  <span class="method-name">feature</span>
                  <span class="parameters">(Institution Admin - Check the flow of Update Institution)</span>
                  <em>
(Runs Cucumber Feature)                  </em>
                </div> <!-- method-content -->
              </div> <!-- method -->
            </div> <!-- main-panel-content rounded-window-bottom -->
          </div> <!-- suite-Sapphirus_Systems_Pvt_Ltd-class-passed -->
          <div class="suite-Sapphirus_Systems_Pvt_Ltd-class-passed">
            <div class="main-panel-header rounded-window-top">
              <img src="passed.png"/>
              <span class="class-name">com.cucumber.TestRunner.UserNewMailEditRunner</span>
            </div> <!-- main-panel-header rounded-window-top -->
            <div class="main-panel-content rounded-window-bottom">
              <div class="method">
                <div class="method-content">
                  <a name="feature(Institution User - Check the flow of New Mail Edit)">
                  </a> <!-- feature(Institution User - Check the flow of New Mail Edit) -->
                  <span class="method-name">feature</span>
                  <span class="parameters">(Institution User - Check the flow of New Mail Edit)</span>
                  <em>
(Runs Cucumber Feature)                  </em>
                </div> <!-- method-content -->
              </div> <!-- method -->
            </div> <!-- main-panel-content rounded-window-bottom -->
          </div> <!-- suite-Sapphirus_Systems_Pvt_Ltd-class-passed -->
          <div class="suite-Sapphirus_Systems_Pvt_Ltd-class-passed">
            <div class="main-panel-header rounded-window-top">
              <img src="passed.png"/>
              <span class="class-name">com.cucumber.TestRunner.AdminRecentCertificateGenerationsRecallRunner</span>
            </div> <!-- main-panel-header rounded-window-top -->
            <div class="main-panel-content rounded-window-bottom">
              <div class="method">
                <div class="method-content">
                  <a name="feature(Institution User - Check the flow of Recent Certificate Generations Recall)">
                  </a> <!-- feature(Institution User - Check the flow of Recent Certificate Generations Recall) -->
                  <span class="method-name">feature</span>
                  <span class="parameters">(Institution User - Check the flow of Recent Certificate Generations Recall)</span>
                  <em>
(Runs Cucumber Feature)                  </em>
                </div> <!-- method-content -->
              </div> <!-- method -->
            </div> <!-- main-panel-content rounded-window-bottom -->
          </div> <!-- suite-Sapphirus_Systems_Pvt_Ltd-class-passed -->
          <div class="suite-Sapphirus_Systems_Pvt_Ltd-class-passed">
            <div class="main-panel-header rounded-window-top">
              <img src="passed.png"/>
              <span class="class-name">com.cucumber.TestRunner.UserRecentCertificateGenerationsRevokeRunner</span>
            </div> <!-- main-panel-header rounded-window-top -->
            <div class="main-panel-content rounded-window-bottom">
              <div class="method">
                <div class="method-content">
                  <a name="feature(Institution User - Check the flow of Recent Certificate Generations Revoke)">
                  </a> <!-- feature(Institution User - Check the flow of Recent Certificate Generations Revoke) -->
                  <span class="method-name">feature</span>
                  <span class="parameters">(Institution User - Check the flow of Recent Certificate Generations Revoke)</span>
                  <em>
(Runs Cucumber Feature)                  </em>
                </div> <!-- method-content -->
              </div> <!-- method -->
            </div> <!-- main-panel-content rounded-window-bottom -->
          </div> <!-- suite-Sapphirus_Systems_Pvt_Ltd-class-passed -->
          <div class="suite-Sapphirus_Systems_Pvt_Ltd-class-passed">
            <div class="main-panel-header rounded-window-top">
              <img src="passed.png"/>
              <span class="class-name">com.cucumber.TestRunner.AdminVerifiedCertificatesRunner</span>
            </div> <!-- main-panel-header rounded-window-top -->
            <div class="main-panel-content rounded-window-bottom">
              <div class="method">
                <div class="method-content">
                  <a name="feature(Institution Admin - Check the flow of Verified Certificates)">
                  </a> <!-- feature(Institution Admin - Check the flow of Verified Certificates) -->
                  <span class="method-name">feature</span>
                  <span class="parameters">(Institution Admin - Check the flow of Verified Certificates)</span>
                  <em>
(Runs Cucumber Feature)                  </em>
                </div> <!-- method-content -->
              </div> <!-- method -->
            </div> <!-- main-panel-content rounded-window-bottom -->
          </div> <!-- suite-Sapphirus_Systems_Pvt_Ltd-class-passed -->
          <div class="suite-Sapphirus_Systems_Pvt_Ltd-class-passed">
            <div class="main-panel-header rounded-window-top">
              <img src="passed.png"/>
              <span class="class-name">com.cucumber.TestRunner.OrgSalesLaunchTheApplicationRunner</span>
            </div> <!-- main-panel-header rounded-window-top -->
            <div class="main-panel-content rounded-window-bottom">
              <div class="method">
                <div class="method-content">
                  <a name="feature(Organisation Sales - Check the flow of Launch the application)">
                  </a> <!-- feature(Organisation Sales - Check the flow of Launch the application) -->
                  <span class="method-name">feature</span>
                  <span class="parameters">(Organisation Sales - Check the flow of Launch the application)</span>
                  <em>
(Runs Cucumber Feature)                  </em>
                </div> <!-- method-content -->
              </div> <!-- method -->
            </div> <!-- main-panel-content rounded-window-bottom -->
          </div> <!-- suite-Sapphirus_Systems_Pvt_Ltd-class-passed -->
          <div class="suite-Sapphirus_Systems_Pvt_Ltd-class-passed">
            <div class="main-panel-header rounded-window-top">
              <img src="passed.png"/>
              <span class="class-name">com.cucumber.TestRunner.AdminRecentCertificateGenerationsandVerificationsSendMailRunner</span>
            </div> <!-- main-panel-header rounded-window-top -->
            <div class="main-panel-content rounded-window-bottom">
              <div class="method">
                <div class="method-content">
                  <a name="feature(Institution User - Check the flow of Recent Certificate GenerationsandVerification Send Mail)">
                  </a> <!-- feature(Institution User - Check the flow of Recent Certificate GenerationsandVerification Send Mail) -->
                  <span class="method-name">feature</span>
                  <span class="parameters">(Institution User - Check the flow of Recent Certificate GenerationsandVerification Send Mail)</span>
                  <em>
(Runs Cucumber Feature)                  </em>
                </div> <!-- method-content -->
              </div> <!-- method -->
            </div> <!-- main-panel-content rounded-window-bottom -->
          </div> <!-- suite-Sapphirus_Systems_Pvt_Ltd-class-passed -->
          <div class="suite-Sapphirus_Systems_Pvt_Ltd-class-passed">
            <div class="main-panel-header rounded-window-top">
              <img src="passed.png"/>
              <span class="class-name">com.cucumber.TestRunner.UserBulkGeneratedCertficatesRunner</span>
            </div> <!-- main-panel-header rounded-window-top -->
            <div class="main-panel-content rounded-window-bottom">
              <div class="method">
                <div class="method-content">
                  <a name="feature(Institution User - Check the flow of Bulk Generated certificates)">
                  </a> <!-- feature(Institution User - Check the flow of Bulk Generated certificates) -->
                  <span class="method-name">feature</span>
                  <span class="parameters">(Institution User - Check the flow of Bulk Generated certificates)</span>
                  <em>
(Runs Cucumber Feature)                  </em>
                </div> <!-- method-content -->
              </div> <!-- method -->
            </div> <!-- main-panel-content rounded-window-bottom -->
          </div> <!-- suite-Sapphirus_Systems_Pvt_Ltd-class-passed -->
          <div class="suite-Sapphirus_Systems_Pvt_Ltd-class-passed">
            <div class="main-panel-header rounded-window-top">
              <img src="passed.png"/>
              <span class="class-name">com.cucumber.TestRunner.AdminRecentCertificateGenerationsRevokeRunner</span>
            </div> <!-- main-panel-header rounded-window-top -->
            <div class="main-panel-content rounded-window-bottom">
              <div class="method">
                <div class="method-content">
                  <a name="feature(Institution Admin - Check the flow of Recent Certificate Generations Revoke)">
                  </a> <!-- feature(Institution Admin - Check the flow of Recent Certificate Generations Revoke) -->
                  <span class="method-name">feature</span>
                  <span class="parameters">(Institution Admin - Check the flow of Recent Certificate Generations Revoke)</span>
                  <em>
(Runs Cucumber Feature)                  </em>
                </div> <!-- method-content -->
              </div> <!-- method -->
            </div> <!-- main-panel-content rounded-window-bottom -->
          </div> <!-- suite-Sapphirus_Systems_Pvt_Ltd-class-passed -->
          <div class="suite-Sapphirus_Systems_Pvt_Ltd-class-passed">
            <div class="main-panel-header rounded-window-top">
              <img src="passed.png"/>
              <span class="class-name">com.cucumber.TestRunner.ApprovalSettingsRunner</span>
            </div> <!-- main-panel-header rounded-window-top -->
            <div class="main-panel-content rounded-window-bottom">
              <div class="method">
                <div class="method-content">
                  <a name="feature(Institution Admin - Check the flow of Approval Settings)">
                  </a> <!-- feature(Institution Admin - Check the flow of Approval Settings) -->
                  <span class="method-name">feature</span>
                  <span class="parameters">(Institution Admin - Check the flow of Approval Settings)</span>
                  <em>
(Runs Cucumber Feature)                  </em>
                </div> <!-- method-content -->
              </div> <!-- method -->
            </div> <!-- main-panel-content rounded-window-bottom -->
          </div> <!-- suite-Sapphirus_Systems_Pvt_Ltd-class-passed -->
          <div class="suite-Sapphirus_Systems_Pvt_Ltd-class-passed">
            <div class="main-panel-header rounded-window-top">
              <img src="passed.png"/>
              <span class="class-name">com.cucumber.TestRunner.UserVerifiedCertificatesRunner</span>
            </div> <!-- main-panel-header rounded-window-top -->
            <div class="main-panel-content rounded-window-bottom">
              <div class="method">
                <div class="method-content">
                  <a name="feature(Institution User - Check the flow of Verified Certificates)">
                  </a> <!-- feature(Institution User - Check the flow of Verified Certificates) -->
                  <span class="method-name">feature</span>
                  <span class="parameters">(Institution User - Check the flow of Verified Certificates)</span>
                  <em>
(Runs Cucumber Feature)                  </em>
                </div> <!-- method-content -->
              </div> <!-- method -->
            </div> <!-- main-panel-content rounded-window-bottom -->
          </div> <!-- suite-Sapphirus_Systems_Pvt_Ltd-class-passed -->
          <div class="suite-Sapphirus_Systems_Pvt_Ltd-class-passed">
            <div class="main-panel-header rounded-window-top">
              <img src="passed.png"/>
              <span class="class-name">com.cucumber.TestRunner.UserVerifyCertificatesRunner</span>
            </div> <!-- main-panel-header rounded-window-top -->
            <div class="main-panel-content rounded-window-bottom">
              <div class="method">
                <div class="method-content">
                  <a name="feature(Institution User - Check the flow of Institution User Verify Certificates)">
                  </a> <!-- feature(Institution User - Check the flow of Institution User Verify Certificates) -->
                  <span class="method-name">feature</span>
                  <span class="parameters">(Institution User - Check the flow of Institution User Verify Certificates)</span>
                  <em>
(Runs Cucumber Feature)                  </em>
                </div> <!-- method-content -->
              </div> <!-- method -->
            </div> <!-- main-panel-content rounded-window-bottom -->
          </div> <!-- suite-Sapphirus_Systems_Pvt_Ltd-class-passed -->
          <div class="suite-Sapphirus_Systems_Pvt_Ltd-class-passed">
            <div class="main-panel-header rounded-window-top">
              <img src="passed.png"/>
              <span class="class-name">com.cucumber.TestRunner.OrgMgmtUpdateProfileRunner</span>
            </div> <!-- main-panel-header rounded-window-top -->
            <div class="main-panel-content rounded-window-bottom">
              <div class="method">
                <div class="method-content">
                  <a name="feature(Organisation Management - Check the flow of Update Profile)">
                  </a> <!-- feature(Organisation Management - Check the flow of Update Profile) -->
                  <span class="method-name">feature</span>
                  <span class="parameters">(Organisation Management - Check the flow of Update Profile)</span>
                  <em>
(Runs Cucumber Feature)                  </em>
                </div> <!-- method-content -->
              </div> <!-- method -->
            </div> <!-- main-panel-content rounded-window-bottom -->
          </div> <!-- suite-Sapphirus_Systems_Pvt_Ltd-class-passed -->
          <div class="suite-Sapphirus_Systems_Pvt_Ltd-class-passed">
            <div class="main-panel-header rounded-window-top">
              <img src="passed.png"/>
              <span class="class-name">com.cucumber.TestRunner.AdminRegistrationRunner</span>
            </div> <!-- main-panel-header rounded-window-top -->
            <div class="main-panel-content rounded-window-bottom">
              <div class="method">
                <div class="method-content">
                  <a name="feature(Institution Admin - Check the flow of Registration)">
                  </a> <!-- feature(Institution Admin - Check the flow of Registration) -->
                  <span class="method-name">feature</span>
                  <span class="parameters">(Institution Admin - Check the flow of Registration)</span>
                  <em>
(Runs Cucumber Feature)                  </em>
                </div> <!-- method-content -->
              </div> <!-- method -->
            </div> <!-- main-panel-content rounded-window-bottom -->
          </div> <!-- suite-Sapphirus_Systems_Pvt_Ltd-class-passed -->
          <div class="suite-Sapphirus_Systems_Pvt_Ltd-class-passed">
            <div class="main-panel-header rounded-window-top">
              <img src="passed.png"/>
              <span class="class-name">com.cucumber.TestRunner.AdminCertificateApprovalsRunner</span>
            </div> <!-- main-panel-header rounded-window-top -->
            <div class="main-panel-content rounded-window-bottom">
              <div class="method">
                <div class="method-content">
                  <a name="feature(Institute Admin - Check the flow of CertificatesApprovals)">
                  </a> <!-- feature(Institute Admin - Check the flow of CertificatesApprovals) -->
                  <span class="method-name">feature</span>
                  <span class="parameters">(Institute Admin - Check the flow of CertificatesApprovals)</span>
                  <em>
(Runs Cucumber Feature)                  </em>
                </div> <!-- method-content -->
              </div> <!-- method -->
            </div> <!-- main-panel-content rounded-window-bottom -->
          </div> <!-- suite-Sapphirus_Systems_Pvt_Ltd-class-passed -->
          <div class="suite-Sapphirus_Systems_Pvt_Ltd-class-passed">
            <div class="main-panel-header rounded-window-top">
              <img src="passed.png"/>
              <span class="class-name">com.cucumber.TestRunner.AdminAddCertificateTypeRunner</span>
            </div> <!-- main-panel-header rounded-window-top -->
            <div class="main-panel-content rounded-window-bottom">
              <div class="method">
                <div class="method-content">
                  <a name="feature(Institution Admin - Check the flow of Add Certificate Type)">
                  </a> <!-- feature(Institution Admin - Check the flow of Add Certificate Type) -->
                  <span class="method-name">feature</span>
                  <span class="parameters">(Institution Admin - Check the flow of Add Certificate Type)</span>
                  <em>
(Runs Cucumber Feature)                  </em>
                </div> <!-- method-content -->
              </div> <!-- method -->
            </div> <!-- main-panel-content rounded-window-bottom -->
          </div> <!-- suite-Sapphirus_Systems_Pvt_Ltd-class-passed -->
          <div class="suite-Sapphirus_Systems_Pvt_Ltd-class-passed">
            <div class="main-panel-header rounded-window-top">
              <img src="passed.png"/>
              <span class="class-name">com.cucumber.TestRunner.UserUpdateProfileRunner</span>
            </div> <!-- main-panel-header rounded-window-top -->
            <div class="main-panel-content rounded-window-bottom">
              <div class="method">
                <div class="method-content">
                  <a name="feature(Institution User - Check the flow of Updateprofile)">
                  </a> <!-- feature(Institution User - Check the flow of Updateprofile) -->
                  <span class="method-name">feature</span>
                  <span class="parameters">(Institution User - Check the flow of Updateprofile)</span>
                  <em>
(Runs Cucumber Feature)                  </em>
                </div> <!-- method-content -->
              </div> <!-- method -->
            </div> <!-- main-panel-content rounded-window-bottom -->
          </div> <!-- suite-Sapphirus_Systems_Pvt_Ltd-class-passed -->
          <div class="suite-Sapphirus_Systems_Pvt_Ltd-class-passed">
            <div class="main-panel-header rounded-window-top">
              <img src="passed.png"/>
              <span class="class-name">com.cucumber.TestRunner.OrgMgmtLaunchTheApplicationRunner</span>
            </div> <!-- main-panel-header rounded-window-top -->
            <div class="main-panel-content rounded-window-bottom">
              <div class="method">
                <div class="method-content">
                  <a name="feature(Organisation Management - Check the flow of Launch the application)">
                  </a> <!-- feature(Organisation Management - Check the flow of Launch the application) -->
                  <span class="method-name">feature</span>
                  <span class="parameters">(Organisation Management - Check the flow of Launch the application)</span>
                  <em>
(Runs Cucumber Feature)                  </em>
                </div> <!-- method-content -->
              </div> <!-- method -->
            </div> <!-- main-panel-content rounded-window-bottom -->
          </div> <!-- suite-Sapphirus_Systems_Pvt_Ltd-class-passed -->
          <div class="suite-Sapphirus_Systems_Pvt_Ltd-class-passed">
            <div class="main-panel-header rounded-window-top">
              <img src="passed.png"/>
              <span class="class-name">com.cucumber.TestRunner.AdminUpdateProfileRunner</span>
            </div> <!-- main-panel-header rounded-window-top -->
            <div class="main-panel-content rounded-window-bottom">
              <div class="method">
                <div class="method-content">
                  <a name="feature(Institution Admin - Check the flow of Updateprofile)">
                  </a> <!-- feature(Institution Admin - Check the flow of Updateprofile) -->
                  <span class="method-name">feature</span>
                  <span class="parameters">(Institution Admin - Check the flow of Updateprofile)</span>
                  <em>
(Runs Cucumber Feature)                  </em>
                </div> <!-- method-content -->
              </div> <!-- method -->
            </div> <!-- main-panel-content rounded-window-bottom -->
          </div> <!-- suite-Sapphirus_Systems_Pvt_Ltd-class-passed -->
          <div class="suite-Sapphirus_Systems_Pvt_Ltd-class-passed">
            <div class="main-panel-header rounded-window-top">
              <img src="passed.png"/>
              <span class="class-name">com.cucumber.TestRunner.OrgSalesChangePasswordRunner</span>
            </div> <!-- main-panel-header rounded-window-top -->
            <div class="main-panel-content rounded-window-bottom">
              <div class="method">
                <div class="method-content">
                  <a name="feature(Orgnaisation Sales - Check the flow of Change Password)">
                  </a> <!-- feature(Orgnaisation Sales - Check the flow of Change Password) -->
                  <span class="method-name">feature</span>
                  <span class="parameters">(Orgnaisation Sales - Check the flow of Change Password)</span>
                  <em>
(Runs Cucumber Feature)                  </em>
                </div> <!-- method-content -->
              </div> <!-- method -->
            </div> <!-- main-panel-content rounded-window-bottom -->
          </div> <!-- suite-Sapphirus_Systems_Pvt_Ltd-class-passed -->
          <div class="suite-Sapphirus_Systems_Pvt_Ltd-class-passed">
            <div class="main-panel-header rounded-window-top">
              <img src="passed.png"/>
              <span class="class-name">com.cucumber.TestRunner.UserRecentCertificateGenerationsRecallRunner</span>
            </div> <!-- main-panel-header rounded-window-top -->
            <div class="main-panel-content rounded-window-bottom">
              <div class="method">
                <div class="method-content">
                  <a name="feature(Institution User - Check the flow of Recent Certificate Generations Recall)">
                  </a> <!-- feature(Institution User - Check the flow of Recent Certificate Generations Recall) -->
                  <span class="method-name">feature</span>
                  <span class="parameters">(Institution User - Check the flow of Recent Certificate Generations Recall)</span>
                  <em>
(Runs Cucumber Feature)                  </em>
                </div> <!-- method-content -->
              </div> <!-- method -->
            </div> <!-- main-panel-content rounded-window-bottom -->
          </div> <!-- suite-Sapphirus_Systems_Pvt_Ltd-class-passed -->
          <div class="suite-Sapphirus_Systems_Pvt_Ltd-class-passed">
            <div class="main-panel-header rounded-window-top">
              <img src="passed.png"/>
              <span class="class-name">com.cucumber.TestRunner.OrgMgmtChangePasswordRunner</span>
            </div> <!-- main-panel-header rounded-window-top -->
            <div class="main-panel-content rounded-window-bottom">
              <div class="method">
                <div class="method-content">
                  <a name="feature(Organization Management - Check the flow of ChangePassword)">
                  </a> <!-- feature(Organization Management - Check the flow of ChangePassword) -->
                  <span class="method-name">feature</span>
                  <span class="parameters">(Organization Management - Check the flow of ChangePassword)</span>
                  <em>
(Runs Cucumber Feature)                  </em>
                </div> <!-- method-content -->
              </div> <!-- method -->
            </div> <!-- main-panel-content rounded-window-bottom -->
          </div> <!-- suite-Sapphirus_Systems_Pvt_Ltd-class-passed -->
          <div class="suite-Sapphirus_Systems_Pvt_Ltd-class-passed">
            <div class="main-panel-header rounded-window-top">
              <img src="passed.png"/>
              <span class="class-name">com.cucumber.TestRunner.OrgSalesReceiptsRunner</span>
            </div> <!-- main-panel-header rounded-window-top -->
            <div class="main-panel-content rounded-window-bottom">
              <div class="method">
                <div class="method-content">
                  <a name="feature(Organisation Sales - Check the flow of Organisation Sales Reports Receipts)">
                  </a> <!-- feature(Organisation Sales - Check the flow of Organisation Sales Reports Receipts) -->
                  <span class="method-name">feature</span>
                  <span class="parameters">(Organisation Sales - Check the flow of Organisation Sales Reports Receipts)</span>
                  <em>
(Runs Cucumber Feature)                  </em>
                </div> <!-- method-content -->
              </div> <!-- method -->
            </div> <!-- main-panel-content rounded-window-bottom -->
          </div> <!-- suite-Sapphirus_Systems_Pvt_Ltd-class-passed -->
          <div class="suite-Sapphirus_Systems_Pvt_Ltd-class-passed">
            <div class="main-panel-header rounded-window-top">
              <img src="passed.png"/>
              <span class="class-name">com.cucumber.TestRunner.UserVerificationURLRunner</span>
            </div> <!-- main-panel-header rounded-window-top -->
            <div class="main-panel-content rounded-window-bottom">
              <div class="method">
                <div class="method-content">
                  <a name="feature(Institution User - Check the flow of Verification URL)">
                  </a> <!-- feature(Institution User - Check the flow of Verification URL) -->
                  <span class="method-name">feature</span>
                  <span class="parameters">(Institution User - Check the flow of Verification URL)</span>
                  <em>
(Runs Cucumber Feature)                  </em>
                </div> <!-- method-content -->
              </div> <!-- method -->
            </div> <!-- main-panel-content rounded-window-bottom -->
          </div> <!-- suite-Sapphirus_Systems_Pvt_Ltd-class-passed -->
        </div> <!-- panel Sapphirus_Systems_Pvt_Ltd -->
        <div panel-name="test-xml-Sapphirus_Systems_Pvt_Ltd" class="panel">
          <div class="main-panel-header rounded-window-top">
            <span class="header-content">C:\Users\admin\eclipse-workspace\Learning Chain Automation5\testng.xml</span>
          </div> <!-- main-panel-header rounded-window-top -->
          <div class="main-panel-content rounded-window-bottom">
            <pre>
&lt;?xml version=&quot;1.0&quot; encoding=&quot;UTF-8&quot;?&gt;
&lt;!DOCTYPE suite SYSTEM &quot;http://testng.org/testng-1.0.dtd&quot;&gt;
&lt;suite name=&quot;Sapphirus Systems Pvt Ltd&quot; guice-stage=&quot;DEVELOPMENT&quot;&gt;
  &lt;listeners&gt;
    &lt;listener class-name=&quot;com.cucumber.utility.Listener&quot;/&gt;
  &lt;/listeners&gt;
  &lt;test name=&quot;ChromeBrowser&quot;&gt;
    &lt;parameter name=&quot;browser&quot; value=&quot;chrome&quot;/&gt;
    &lt;classes&gt;
      &lt;class name=&quot;com.cucumber.TestRunner.OrgMgmtChangePasswordRunner&quot;/&gt;
      &lt;class name=&quot;com.cucumber.TestRunner.OrgMgmtLaunchTheApplicationRunner&quot;/&gt;
      &lt;class name=&quot;com.cucumber.TestRunner.OrgMgmtUpdateProfileRunner&quot;/&gt;
      &lt;class name=&quot;com.cucumber.TestRunner.OrgSalesChangePasswordRunner&quot;/&gt;
      &lt;class name=&quot;com.cucumber.TestRunner.OrgSalesLaunchTheApplicationRunner&quot;/&gt;
      &lt;class name=&quot;com.cucumber.TestRunner.OrgSalesReceiptsRunner&quot;/&gt;
      &lt;class name=&quot;com.cucumber.TestRunner.AdminCertificateApprovalsRunner&quot;/&gt;
      &lt;class name=&quot;com.cucumber.TestRunner.AdminAddCertificateTypeRunner&quot;/&gt;
      &lt;class name=&quot;com.cucumber.TestRunner.AdminGeneratedCertificatesRunner&quot;/&gt;
      &lt;class name=&quot;com.cucumber.TestRunner.AdminVerifiedCertificatesRunner&quot;/&gt;
      &lt;class name=&quot;com.cucumber.TestRunner.AdminUpdateProfileRunner&quot;/&gt;
      &lt;class name=&quot;com.cucumber.TestRunner.AdminChangePasswordRunner&quot;/&gt;
      &lt;class name=&quot;com.cucumber.TestRunner.ApprovalSettingsRunner&quot;/&gt;
      &lt;class name=&quot;com.cucumber.TestRunner.AdminRegistrationRunner&quot;/&gt;
      &lt;class name=&quot;com.cucumber.TestRunner.AdminUpdateInstitutionRunner&quot;/&gt;
      &lt;class name=&quot;com.cucumber.TestRunner.AdminRecentCertificateGenerationsRevokeRunner&quot;/&gt;
      &lt;class name=&quot;com.cucumber.TestRunner.AdminRecentCertificateGenerationsRecallRunner&quot;/&gt;
      &lt;class name=&quot;com.cucumber.TestRunner.AdminRecentCertificateGenerationsandVerificationsSendMailRunner&quot;/&gt;
      &lt;class name=&quot;com.cucumber.TestRunner.UserVerificationURLRunner&quot;/&gt;
      &lt;class name=&quot;com.cucumber.TestRunner.UserGenerateSingleWithoutApprovalRunner&quot;/&gt;
      &lt;class name=&quot;com.cucumber.TestRunner.UserBulkWithoutApprovalRunner&quot;/&gt;
      &lt;class name=&quot;com.cucumber.TestRunner.UserBulkWithoutApprovalRunner&quot;/&gt;
      &lt;class name=&quot;com.cucumber.TestRunner.UserVerifyCertificatesRunner&quot;/&gt;
      &lt;class name=&quot;com.cucumber.TestRunner.UserInternalPrintingRunner&quot;/&gt;
      &lt;class name=&quot;com.cucumber.TestRunner.UserVerifiedCertificatesRunner&quot;/&gt;
      &lt;class name=&quot;com.cucumber.TestRunner.UserBulkGeneratedCertficatesRunner&quot;/&gt;
      &lt;class name=&quot;com.cucumber.TestRunner.UserUpdateProfileRunner&quot;/&gt;
      &lt;class name=&quot;com.cucumber.TestRunner.UserNewMailEditRunner&quot;/&gt;
      &lt;class name=&quot;com.cucumber.TestRunner.UserRecentCertificateGenerationsRecallRunner&quot;/&gt;
      &lt;class name=&quot;com.cucumber.TestRunner.UserRecentCertificateGenerationsRevokeRunner&quot;/&gt;
    &lt;/classes&gt;
  &lt;/test&gt; &lt;!-- ChromeBrowser --&gt;
  &lt;test name=&quot;ChromeBrowser(failed)&quot;&gt;
    &lt;parameter name=&quot;browser&quot; value=&quot;chrome&quot;/&gt;
    &lt;classes&gt;
      &lt;class name=&quot;com.cucumber.TestRunner.UserNewMailEditRunner&quot;&gt;
        &lt;methods&gt;
          &lt;include name=&quot;setUpClass&quot;/&gt;
          &lt;include name=&quot;testDownClass&quot;/&gt;
          &lt;include name=&quot;tearDownClass&quot;/&gt;
          &lt;include name=&quot;beforeclass&quot;/&gt;
        &lt;/methods&gt;
      &lt;/class&gt; &lt;!-- com.cucumber.TestRunner.UserNewMailEditRunner --&gt;
      &lt;class name=&quot;com.cucumber.TestRunner.AdminUpdateInstitutionRunner&quot;&gt;
        &lt;methods&gt;
          &lt;include name=&quot;beforeclass&quot;/&gt;
          &lt;include name=&quot;setUpClass&quot;/&gt;
          &lt;include name=&quot;testDownClass&quot;/&gt;
          &lt;include name=&quot;tearDownClass&quot;/&gt;
        &lt;/methods&gt;
      &lt;/class&gt; &lt;!-- com.cucumber.TestRunner.AdminUpdateInstitutionRunner --&gt;
      &lt;class name=&quot;com.cucumber.TestRunner.UserBulkWithoutApprovalRunner&quot;&gt;
        &lt;methods&gt;
          &lt;include name=&quot;testDownClass&quot;/&gt;
          &lt;include name=&quot;setUpClass&quot;/&gt;
          &lt;include name=&quot;feature&quot; invocation-numbers=&quot;0&quot;/&gt;
          &lt;include name=&quot;beforeclass&quot;/&gt;
          &lt;include name=&quot;tearDownClass&quot;/&gt;
        &lt;/methods&gt;
      &lt;/class&gt; &lt;!-- com.cucumber.TestRunner.UserBulkWithoutApprovalRunner --&gt;
      &lt;class name=&quot;com.cucumber.TestRunner.AdminRecentCertificateGenerationsRecallRunner&quot;&gt;
        &lt;methods&gt;
          &lt;include name=&quot;setUpClass&quot;/&gt;
          &lt;include name=&quot;beforeclass&quot;/&gt;
          &lt;include name=&quot;tearDownClass&quot;/&gt;
          &lt;include name=&quot;testDownClass&quot;/&gt;
        &lt;/methods&gt;
      &lt;/class&gt; &lt;!-- com.cucumber.TestRunner.AdminRecentCertificateGenerationsRecallRunner --&gt;
      &lt;class name=&quot;com.cucumber.TestRunner.UserRecentCertificateGenerationsRevokeRunner&quot;&gt;
        &lt;methods&gt;
          &lt;include name=&quot;setUpClass&quot;/&gt;
          &lt;include name=&quot;beforeclass&quot;/&gt;
          &lt;include name=&quot;testDownClass&quot;/&gt;
          &lt;include name=&quot;tearDownClass&quot;/&gt;
        &lt;/methods&gt;
      &lt;/class&gt; &lt;!-- com.cucumber.TestRunner.UserRecentCertificateGenerationsRevokeRunner --&gt;
      &lt;class name=&quot;com.cucumber.TestRunner.AdminChangePasswordRunner&quot;&gt;
        &lt;methods&gt;
          &lt;include name=&quot;setUpClass&quot;/&gt;
          &lt;include name=&quot;feature&quot; invocation-numbers=&quot;0&quot;/&gt;
          &lt;include name=&quot;beforeclass&quot;/&gt;
          &lt;include name=&quot;testDownClass&quot;/&gt;
          &lt;include name=&quot;tearDownClass&quot;/&gt;
        &lt;/methods&gt;
      &lt;/class&gt; &lt;!-- com.cucumber.TestRunner.AdminChangePasswordRunner --&gt;
      &lt;class name=&quot;com.cucumber.TestRunner.AdminVerifiedCertificatesRunner&quot;&gt;
        &lt;methods&gt;
          &lt;include name=&quot;beforeclass&quot;/&gt;
          &lt;include name=&quot;setUpClass&quot;/&gt;
          &lt;include name=&quot;tearDownClass&quot;/&gt;
          &lt;include name=&quot;testDownClass&quot;/&gt;
        &lt;/methods&gt;
      &lt;/class&gt; &lt;!-- com.cucumber.TestRunner.AdminVerifiedCertificatesRunner --&gt;
      &lt;class name=&quot;com.cucumber.TestRunner.OrgSalesLaunchTheApplicationRunner&quot;&gt;
        &lt;methods&gt;
          &lt;include name=&quot;setUpClass&quot;/&gt;
          &lt;include name=&quot;beforeclass&quot;/&gt;
          &lt;include name=&quot;tearDownClass&quot;/&gt;
          &lt;include name=&quot;testDownClass&quot;/&gt;
        &lt;/methods&gt;
      &lt;/class&gt; &lt;!-- com.cucumber.TestRunner.OrgSalesLaunchTheApplicationRunner --&gt;
      &lt;class name=&quot;com.cucumber.TestRunner.AdminRecentCertificateGenerationsandVerificationsSendMailRunner&quot;&gt;
        &lt;methods&gt;
          &lt;include name=&quot;testDownClass&quot;/&gt;
          &lt;include name=&quot;setUpClass&quot;/&gt;
          &lt;include name=&quot;beforeclass&quot;/&gt;
          &lt;include name=&quot;tearDownClass&quot;/&gt;
        &lt;/methods&gt;
      &lt;/class&gt; &lt;!-- com.cucumber.TestRunner.AdminRecentCertificateGenerationsandVerificationsSendMailRunner --&gt;
      &lt;class name=&quot;com.cucumber.TestRunner.UserInternalPrintingRunner&quot;&gt;
        &lt;methods&gt;
          &lt;include name=&quot;testDownClass&quot;/&gt;
          &lt;include name=&quot;setUpClass&quot;/&gt;
          &lt;include name=&quot;beforeclass&quot;/&gt;
          &lt;include name=&quot;feature&quot; invocation-numbers=&quot;0&quot;/&gt;
          &lt;include name=&quot;tearDownClass&quot;/&gt;
        &lt;/methods&gt;
      &lt;/class&gt; &lt;!-- com.cucumber.TestRunner.UserInternalPrintingRunner --&gt;
      &lt;class name=&quot;com.cucumber.TestRunner.UserBulkGeneratedCertficatesRunner&quot;&gt;
        &lt;methods&gt;
          &lt;include name=&quot;testDownClass&quot;/&gt;
          &lt;include name=&quot;setUpClass&quot;/&gt;
          &lt;include name=&quot;beforeclass&quot;/&gt;
          &lt;include name=&quot;tearDownClass&quot;/&gt;
        &lt;/methods&gt;
      &lt;/class&gt; &lt;!-- com.cucumber.TestRunner.UserBulkGeneratedCertficatesRunner --&gt;
      &lt;class name=&quot;com.cucumber.TestRunner.AdminRecentCertificateGenerationsRevokeRunner&quot;&gt;
        &lt;methods&gt;
          &lt;include name=&quot;setUpClass&quot;/&gt;
          &lt;include name=&quot;testDownClass&quot;/&gt;
          &lt;include name=&quot;tearDownClass&quot;/&gt;
          &lt;include name=&quot;beforeclass&quot;/&gt;
        &lt;/methods&gt;
      &lt;/class&gt; &lt;!-- com.cucumber.TestRunner.AdminRecentCertificateGenerationsRevokeRunner --&gt;
      &lt;class name=&quot;com.cucumber.TestRunner.ApprovalSettingsRunner&quot;&gt;
        &lt;methods&gt;
          &lt;include name=&quot;setUpClass&quot;/&gt;
          &lt;include name=&quot;beforeclass&quot;/&gt;
          &lt;include name=&quot;testDownClass&quot;/&gt;
          &lt;include name=&quot;tearDownClass&quot;/&gt;
        &lt;/methods&gt;
      &lt;/class&gt; &lt;!-- com.cucumber.TestRunner.ApprovalSettingsRunner --&gt;
      &lt;class name=&quot;com.cucumber.TestRunner.UserVerifiedCertificatesRunner&quot;&gt;
        &lt;methods&gt;
          &lt;include name=&quot;beforeclass&quot;/&gt;
          &lt;include name=&quot;setUpClass&quot;/&gt;
          &lt;include name=&quot;testDownClass&quot;/&gt;
          &lt;include name=&quot;tearDownClass&quot;/&gt;
        &lt;/methods&gt;
      &lt;/class&gt; &lt;!-- com.cucumber.TestRunner.UserVerifiedCertificatesRunner --&gt;
      &lt;class name=&quot;com.cucumber.TestRunner.UserVerifyCertificatesRunner&quot;&gt;
        &lt;methods&gt;
          &lt;include name=&quot;testDownClass&quot;/&gt;
          &lt;include name=&quot;setUpClass&quot;/&gt;
          &lt;include name=&quot;beforeclass&quot;/&gt;
          &lt;include name=&quot;tearDownClass&quot;/&gt;
        &lt;/methods&gt;
      &lt;/class&gt; &lt;!-- com.cucumber.TestRunner.UserVerifyCertificatesRunner --&gt;
      &lt;class name=&quot;com.cucumber.TestRunner.OrgMgmtUpdateProfileRunner&quot;&gt;
        &lt;methods&gt;
          &lt;include name=&quot;setUpClass&quot;/&gt;
          &lt;include name=&quot;testDownClass&quot;/&gt;
          &lt;include name=&quot;beforeclass&quot;/&gt;
          &lt;include name=&quot;tearDownClass&quot;/&gt;
        &lt;/methods&gt;
      &lt;/class&gt; &lt;!-- com.cucumber.TestRunner.OrgMgmtUpdateProfileRunner --&gt;
      &lt;class name=&quot;com.cucumber.TestRunner.AdminAddCertificateTypeRunner&quot;&gt;
        &lt;methods&gt;
          &lt;include name=&quot;setUpClass&quot;/&gt;
          &lt;include name=&quot;beforeclass&quot;/&gt;
          &lt;include name=&quot;tearDownClass&quot;/&gt;
          &lt;include name=&quot;testDownClass&quot;/&gt;
        &lt;/methods&gt;
      &lt;/class&gt; &lt;!-- com.cucumber.TestRunner.AdminAddCertificateTypeRunner --&gt;
      &lt;class name=&quot;com.cucumber.TestRunner.AdminCertificateApprovalsRunner&quot;&gt;
        &lt;methods&gt;
          &lt;include name=&quot;setUpClass&quot;/&gt;
          &lt;include name=&quot;testDownClass&quot;/&gt;
          &lt;include name=&quot;beforeclass&quot;/&gt;
          &lt;include name=&quot;tearDownClass&quot;/&gt;
        &lt;/methods&gt;
      &lt;/class&gt; &lt;!-- com.cucumber.TestRunner.AdminCertificateApprovalsRunner --&gt;
      &lt;class name=&quot;com.cucumber.TestRunner.AdminRegistrationRunner&quot;&gt;
        &lt;methods&gt;
          &lt;include name=&quot;testDownClass&quot;/&gt;
          &lt;include name=&quot;setUpClass&quot;/&gt;
          &lt;include name=&quot;tearDownClass&quot;/&gt;
          &lt;include name=&quot;beforeclass&quot;/&gt;
        &lt;/methods&gt;
      &lt;/class&gt; &lt;!-- com.cucumber.TestRunner.AdminRegistrationRunner --&gt;
      &lt;class name=&quot;com.cucumber.TestRunner.UserUpdateProfileRunner&quot;&gt;
        &lt;methods&gt;
          &lt;include name=&quot;setUpClass&quot;/&gt;
          &lt;include name=&quot;testDownClass&quot;/&gt;
          &lt;include name=&quot;tearDownClass&quot;/&gt;
          &lt;include name=&quot;beforeclass&quot;/&gt;
        &lt;/methods&gt;
      &lt;/class&gt; &lt;!-- com.cucumber.TestRunner.UserUpdateProfileRunner --&gt;
      &lt;class name=&quot;com.cucumber.TestRunner.AdminGeneratedCertificatesRunner&quot;&gt;
        &lt;methods&gt;
          &lt;include name=&quot;setUpClass&quot;/&gt;
          &lt;include name=&quot;beforeclass&quot;/&gt;
          &lt;include name=&quot;feature&quot; invocation-numbers=&quot;0&quot;/&gt;
          &lt;include name=&quot;tearDownClass&quot;/&gt;
          &lt;include name=&quot;testDownClass&quot;/&gt;
        &lt;/methods&gt;
      &lt;/class&gt; &lt;!-- com.cucumber.TestRunner.AdminGeneratedCertificatesRunner --&gt;
      &lt;class name=&quot;com.cucumber.TestRunner.OrgMgmtLaunchTheApplicationRunner&quot;&gt;
        &lt;methods&gt;
          &lt;include name=&quot;testDownClass&quot;/&gt;
          &lt;include name=&quot;setUpClass&quot;/&gt;
          &lt;include name=&quot;beforeclass&quot;/&gt;
          &lt;include name=&quot;tearDownClass&quot;/&gt;
        &lt;/methods&gt;
      &lt;/class&gt; &lt;!-- com.cucumber.TestRunner.OrgMgmtLaunchTheApplicationRunner --&gt;
      &lt;class name=&quot;com.cucumber.TestRunner.AdminUpdateProfileRunner&quot;&gt;
        &lt;methods&gt;
          &lt;include name=&quot;setUpClass&quot;/&gt;
          &lt;include name=&quot;testDownClass&quot;/&gt;
          &lt;include name=&quot;beforeclass&quot;/&gt;
          &lt;include name=&quot;tearDownClass&quot;/&gt;
        &lt;/methods&gt;
      &lt;/class&gt; &lt;!-- com.cucumber.TestRunner.AdminUpdateProfileRunner --&gt;
      &lt;class name=&quot;com.cucumber.TestRunner.OrgSalesChangePasswordRunner&quot;&gt;
        &lt;methods&gt;
          &lt;include name=&quot;beforeclass&quot;/&gt;
          &lt;include name=&quot;setUpClass&quot;/&gt;
          &lt;include name=&quot;testDownClass&quot;/&gt;
          &lt;include name=&quot;tearDownClass&quot;/&gt;
        &lt;/methods&gt;
      &lt;/class&gt; &lt;!-- com.cucumber.TestRunner.OrgSalesChangePasswordRunner --&gt;
      &lt;class name=&quot;com.cucumber.TestRunner.OrgMgmtChangePasswordRunner&quot;&gt;
        &lt;methods&gt;
          &lt;include name=&quot;setUpClass&quot;/&gt;
          &lt;include name=&quot;testDownClass&quot;/&gt;
          &lt;include name=&quot;beforeclass&quot;/&gt;
          &lt;include name=&quot;tearDownClass&quot;/&gt;
        &lt;/methods&gt;
      &lt;/class&gt; &lt;!-- com.cucumber.TestRunner.OrgMgmtChangePasswordRunner --&gt;
      &lt;class name=&quot;com.cucumber.TestRunner.UserRecentCertificateGenerationsRecallRunner&quot;&gt;
        &lt;methods&gt;
          &lt;include name=&quot;setUpClass&quot;/&gt;
          &lt;include name=&quot;beforeclass&quot;/&gt;
          &lt;include name=&quot;testDownClass&quot;/&gt;
          &lt;include name=&quot;tearDownClass&quot;/&gt;
        &lt;/methods&gt;
      &lt;/class&gt; &lt;!-- com.cucumber.TestRunner.UserRecentCertificateGenerationsRecallRunner --&gt;
      &lt;class name=&quot;com.cucumber.TestRunner.UserGenerateSingleWithoutApprovalRunner&quot;&gt;
        &lt;methods&gt;
          &lt;include name=&quot;setUpClass&quot;/&gt;
          &lt;include name=&quot;testDownClass&quot;/&gt;
          &lt;include name=&quot;feature&quot; invocation-numbers=&quot;0&quot;/&gt;
          &lt;include name=&quot;beforeclass&quot;/&gt;
          &lt;include name=&quot;tearDownClass&quot;/&gt;
        &lt;/methods&gt;
      &lt;/class&gt; &lt;!-- com.cucumber.TestRunner.UserGenerateSingleWithoutApprovalRunner --&gt;
      &lt;class name=&quot;com.cucumber.TestRunner.OrgSalesReceiptsRunner&quot;&gt;
        &lt;methods&gt;
          &lt;include name=&quot;beforeclass&quot;/&gt;
          &lt;include name=&quot;setUpClass&quot;/&gt;
          &lt;include name=&quot;testDownClass&quot;/&gt;
          &lt;include name=&quot;tearDownClass&quot;/&gt;
        &lt;/methods&gt;
      &lt;/class&gt; &lt;!-- com.cucumber.TestRunner.OrgSalesReceiptsRunner --&gt;
      &lt;class name=&quot;com.cucumber.TestRunner.UserVerificationURLRunner&quot;&gt;
        &lt;methods&gt;
          &lt;include name=&quot;beforeclass&quot;/&gt;
          &lt;include name=&quot;setUpClass&quot;/&gt;
          &lt;include name=&quot;testDownClass&quot;/&gt;
          &lt;include name=&quot;tearDownClass&quot;/&gt;
        &lt;/methods&gt;
      &lt;/class&gt; &lt;!-- com.cucumber.TestRunner.UserVerificationURLRunner --&gt;
    &lt;/classes&gt;
  &lt;/test&gt; &lt;!-- ChromeBrowser(failed) --&gt;
&lt;/suite&gt; &lt;!-- Sapphirus Systems Pvt Ltd --&gt;
            </pre>
          </div> <!-- main-panel-content rounded-window-bottom -->
        </div> <!-- panel -->
        <div panel-name="testlist-Sapphirus_Systems_Pvt_Ltd" class="panel">
          <div class="main-panel-header rounded-window-top">
            <span class="header-content">Tests for Sapphirus Systems Pvt Ltd</span>
          </div> <!-- main-panel-header rounded-window-top -->
          <div class="main-panel-content rounded-window-bottom">
            <ul>
              <li>
                <span class="test-name">ChromeBrowser (30 classes)</span>
              </li>
              <li>
                <span class="test-name">ChromeBrowser(failed) (29 classes)</span>
              </li>
            </ul>
          </div> <!-- main-panel-content rounded-window-bottom -->
        </div> <!-- panel -->
        <div panel-name="group-Sapphirus_Systems_Pvt_Ltd" class="panel">
          <div class="main-panel-header rounded-window-top">
            <span class="header-content">Groups for Sapphirus Systems Pvt Ltd</span>
          </div> <!-- main-panel-header rounded-window-top -->
          <div class="main-panel-content rounded-window-bottom">
            <div class="test-group">
              <span class="test-group-name">cucumber</span>
              <br/>
              <div class="method-in-group">
                <span class="method-in-group-name">feature</span>
                <br/>
              </div> <!-- method-in-group -->
            </div> <!-- test-group -->
          </div> <!-- main-panel-content rounded-window-bottom -->
        </div> <!-- panel -->
        <div panel-name="times-Sapphirus_Systems_Pvt_Ltd" class="panel">
          <div class="main-panel-header rounded-window-top">
            <span class="header-content">Times for Sapphirus Systems Pvt Ltd</span>
          </div> <!-- main-panel-header rounded-window-top -->
          <div class="main-panel-content rounded-window-bottom">
            <div class="times-div">
              <script type="text/javascript">
suiteTableInitFunctions.push('tableData_Sapphirus_Systems_Pvt_Ltd');
function tableData_Sapphirus_Systems_Pvt_Ltd() {
var data = new google.visualization.DataTable();
data.addColumn('number', 'Number');
data.addColumn('string', 'Method');
data.addColumn('string', 'Class');
data.addColumn('number', 'Time (ms)');
data.addRows(29);
data.setCell(0, 0, 0)
data.setCell(0, 1, 'feature')
data.setCell(0, 2, 'com.cucumber.TestRunner.UserGenerateSingleWithoutApprovalRunner')
data.setCell(0, 3, 84253);
data.setCell(1, 0, 1)
data.setCell(1, 1, 'feature')
data.setCell(1, 2, 'com.cucumber.TestRunner.UserBulkWithoutApprovalRunner')
data.setCell(1, 3, 81611);
data.setCell(2, 0, 2)
data.setCell(2, 1, 'feature')
data.setCell(2, 2, 'com.cucumber.TestRunner.OrgSalesReceiptsRunner')
data.setCell(2, 3, 76957);
data.setCell(3, 0, 3)
data.setCell(3, 1, 'feature')
data.setCell(3, 2, 'com.cucumber.TestRunner.OrgMgmtUpdateProfileRunner')
data.setCell(3, 3, 72709);
data.setCell(4, 0, 4)
data.setCell(4, 1, 'feature')
data.setCell(4, 2, 'com.cucumber.TestRunner.OrgSalesChangePasswordRunner')
data.setCell(4, 3, 56938);
data.setCell(5, 0, 5)
data.setCell(5, 1, 'feature')
data.setCell(5, 2, 'com.cucumber.TestRunner.AdminVerifiedCertificatesRunner')
data.setCell(5, 3, 55956);
data.setCell(6, 0, 6)
data.setCell(6, 1, 'feature')
data.setCell(6, 2, 'com.cucumber.TestRunner.OrgMgmtChangePasswordRunner')
data.setCell(6, 3, 53051);
data.setCell(7, 0, 7)
data.setCell(7, 1, 'feature')
data.setCell(7, 2, 'com.cucumber.TestRunner.AdminChangePasswordRunner')
data.setCell(7, 3, 48203);
data.setCell(8, 0, 8)
data.setCell(8, 1, 'feature')
data.setCell(8, 2, 'com.cucumber.TestRunner.UserVerifyCertificatesRunner')
data.setCell(8, 3, 40504);
data.setCell(9, 0, 9)
data.setCell(9, 1, 'feature')
data.setCell(9, 2, 'com.cucumber.TestRunner.UserUpdateProfileRunner')
data.setCell(9, 3, 40374);
data.setCell(10, 0, 10)
data.setCell(10, 1, 'feature')
data.setCell(10, 2, 'com.cucumber.TestRunner.UserVerifiedCertificatesRunner')
data.setCell(10, 3, 38191);
data.setCell(11, 0, 11)
data.setCell(11, 1, 'feature')
data.setCell(11, 2, 'com.cucumber.TestRunner.AdminGeneratedCertificatesRunner')
data.setCell(11, 3, 36384);
data.setCell(12, 0, 12)
data.setCell(12, 1, 'feature')
data.setCell(12, 2, 'com.cucumber.TestRunner.ApprovalSettingsRunner')
data.setCell(12, 3, 32982);
data.setCell(13, 0, 13)
data.setCell(13, 1, 'feature')
data.setCell(13, 2, 'com.cucumber.TestRunner.AdminAddCertificateTypeRunner')
data.setCell(13, 3, 31905);
data.setCell(14, 0, 14)
data.setCell(14, 1, 'feature')
data.setCell(14, 2, 'com.cucumber.TestRunner.AdminUpdateInstitutionRunner')
data.setCell(14, 3, 31805);
data.setCell(15, 0, 15)
data.setCell(15, 1, 'feature')
data.setCell(15, 2, 'com.cucumber.TestRunner.AdminRegistrationRunner')
data.setCell(15, 3, 30616);
data.setCell(16, 0, 16)
data.setCell(16, 1, 'feature')
data.setCell(16, 2, 'com.cucumber.TestRunner.AdminUpdateProfileRunner')
data.setCell(16, 3, 29713);
data.setCell(17, 0, 17)
data.setCell(17, 1, 'feature')
data.setCell(17, 2, 'com.cucumber.TestRunner.AdminRecentCertificateGenerationsandVerificationsSendMailRunner')
data.setCell(17, 3, 23720);
data.setCell(18, 0, 18)
data.setCell(18, 1, 'feature')
data.setCell(18, 2, 'com.cucumber.TestRunner.AdminRecentCertificateGenerationsRecallRunner')
data.setCell(18, 3, 23561);
data.setCell(19, 0, 19)
data.setCell(19, 1, 'feature')
data.setCell(19, 2, 'com.cucumber.TestRunner.UserNewMailEditRunner')
data.setCell(19, 3, 22870);
data.setCell(20, 0, 20)
data.setCell(20, 1, 'feature')
data.setCell(20, 2, 'com.cucumber.TestRunner.UserBulkGeneratedCertficatesRunner')
data.setCell(20, 3, 21944);
data.setCell(21, 0, 21)
data.setCell(21, 1, 'feature')
data.setCell(21, 2, 'com.cucumber.TestRunner.AdminRecentCertificateGenerationsRevokeRunner')
data.setCell(21, 3, 21209);
data.setCell(22, 0, 22)
data.setCell(22, 1, 'feature')
data.setCell(22, 2, 'com.cucumber.TestRunner.AdminCertificateApprovalsRunner')
data.setCell(22, 3, 20426);
data.setCell(23, 0, 23)
data.setCell(23, 1, 'feature')
data.setCell(23, 2, 'com.cucumber.TestRunner.UserRecentCertificateGenerationsRecallRunner')
data.setCell(23, 3, 18467);
data.setCell(24, 0, 24)
data.setCell(24, 1, 'feature')
data.setCell(24, 2, 'com.cucumber.TestRunner.UserRecentCertificateGenerationsRevokeRunner')
data.setCell(24, 3, 18162);
data.setCell(25, 0, 25)
data.setCell(25, 1, 'feature')
data.setCell(25, 2, 'com.cucumber.TestRunner.UserInternalPrintingRunner')
data.setCell(25, 3, 13556);
data.setCell(26, 0, 26)
data.setCell(26, 1, 'feature')
data.setCell(26, 2, 'com.cucumber.TestRunner.UserVerificationURLRunner')
data.setCell(26, 3, 12342);
data.setCell(27, 0, 27)
data.setCell(27, 1, 'feature')
data.setCell(27, 2, 'com.cucumber.TestRunner.OrgSalesLaunchTheApplicationRunner')
data.setCell(27, 3, 111);
data.setCell(28, 0, 28)
data.setCell(28, 1, 'feature')
data.setCell(28, 2, 'com.cucumber.TestRunner.OrgMgmtLaunchTheApplicationRunner')
data.setCell(28, 3, 77);
window.suiteTableData['Sapphirus_Systems_Pvt_Ltd']= { tableData: data, tableDiv: 'times-div-Sapphirus_Systems_Pvt_Ltd'}
return data;
}
              </script>
              <span class="suite-total-time">Total running time: 17 minutes</span>
              <div id="times-div-Sapphirus_Systems_Pvt_Ltd">
              </div> <!-- times-div-Sapphirus_Systems_Pvt_Ltd -->
            </div> <!-- times-div -->
          </div> <!-- main-panel-content rounded-window-bottom -->
        </div> <!-- panel -->
        <div panel-name="reporter-Sapphirus_Systems_Pvt_Ltd" class="panel">
          <div class="main-panel-header rounded-window-top">
            <span class="header-content">Reporter output for Sapphirus Systems Pvt Ltd</span>
          </div> <!-- main-panel-header rounded-window-top -->
          <div class="main-panel-content rounded-window-bottom">
            <div class="reporter-method-div">
              <span class="reporter-method-name">feature(Institution Admin - Check the flow of Verified Certificates)</span>
              <div class="reporter-method-output-div">
                <span class="reporter-method-output">Completed executing following method : AbstractTestNGCucumberTests.feature</span>
                <span class="reporter-method-output">Test Method resides in com.cucumber.TestRunner.AdminVerifiedCertificatesRunner</span>
                <span class="reporter-method-output">Test Method had the following parameters : nullInstitution Admin - Check the flow of Verified Certificates,</span>
                <span class="reporter-method-output">Test Status: Pass</span>
              </div> <!-- reporter-method-output-div -->
            </div> <!-- reporter-method-div -->
            <div class="reporter-method-div">
              <span class="reporter-method-name">feature(Institution Admin - Check the flow of Recent Certificate Generations Revoke)</span>
              <div class="reporter-method-output-div">
                <span class="reporter-method-output">Completed executing following method : AbstractTestNGCucumberTests.feature</span>
                <span class="reporter-method-output">Test Method resides in com.cucumber.TestRunner.AdminRecentCertificateGenerationsRevokeRunner</span>
                <span class="reporter-method-output">Test Method had the following parameters : nullInstitution Admin - Check the flow of Recent Certificate Generations Revoke,</span>
                <span class="reporter-method-output">Test Status: Pass</span>
              </div> <!-- reporter-method-output-div -->
            </div> <!-- reporter-method-div -->
            <div class="reporter-method-div">
              <span class="reporter-method-name">feature(Institution Admin - Check the flow of Update Institution)</span>
              <div class="reporter-method-output-div">
                <span class="reporter-method-output">Completed executing following method : AbstractTestNGCucumberTests.feature</span>
                <span class="reporter-method-output">Test Method resides in com.cucumber.TestRunner.AdminUpdateInstitutionRunner</span>
                <span class="reporter-method-output">Test Method had the following parameters : nullInstitution Admin - Check the flow of Update Institution,</span>
                <span class="reporter-method-output">Test Status: Pass</span>
              </div> <!-- reporter-method-output-div -->
            </div> <!-- reporter-method-div -->
            <div class="reporter-method-div">
              <span class="reporter-method-name">feature(Institution User - Check the flow of Recent Certificate Generations Recall)</span>
              <div class="reporter-method-output-div">
                <span class="reporter-method-output">Completed executing following method : AbstractTestNGCucumberTests.feature</span>
                <span class="reporter-method-output">Test Method resides in com.cucumber.TestRunner.UserRecentCertificateGenerationsRecallRunner</span>
                <span class="reporter-method-output">Test Method had the following parameters : nullInstitution User - Check the flow of Recent Certificate Generations Recall,</span>
                <span class="reporter-method-output">Test Status: Pass</span>
              </div> <!-- reporter-method-output-div -->
            </div> <!-- reporter-method-div -->
            <div class="reporter-method-div">
              <span class="reporter-method-name">feature(Institution User - Check the flow of Verified Certificates)</span>
              <div class="reporter-method-output-div">
                <span class="reporter-method-output">Completed executing following method : AbstractTestNGCucumberTests.feature</span>
                <span class="reporter-method-output">Test Method resides in com.cucumber.TestRunner.UserVerifiedCertificatesRunner</span>
                <span class="reporter-method-output">Test Method had the following parameters : nullInstitution User - Check the flow of Verified Certificates,</span>
                <span class="reporter-method-output">Test Status: Pass</span>
              </div> <!-- reporter-method-output-div -->
            </div> <!-- reporter-method-div -->
            <div class="reporter-method-div">
              <span class="reporter-method-name">feature(Organisation Sales - Check the flow of Organisation Sales Reports Receipts)</span>
              <div class="reporter-method-output-div">
                <span class="reporter-method-output">Completed executing following method : AbstractTestNGCucumberTests.feature</span>
                <span class="reporter-method-output">Test Method resides in com.cucumber.TestRunner.OrgSalesReceiptsRunner</span>
                <span class="reporter-method-output">Test Method had the following parameters : nullOrganisation Sales - Check the flow of Organisation Sales Reports Receipts,</span>
                <span class="reporter-method-output">Test Status: Pass</span>
              </div> <!-- reporter-method-output-div -->
            </div> <!-- reporter-method-div -->
            <div class="reporter-method-div">
              <span class="reporter-method-name">feature(Institution Admin - Check the flow of Registration)</span>
              <div class="reporter-method-output-div">
                <span class="reporter-method-output">Completed executing following method : AbstractTestNGCucumberTests.feature</span>
                <span class="reporter-method-output">Test Method resides in com.cucumber.TestRunner.AdminRegistrationRunner</span>
                <span class="reporter-method-output">Test Method had the following parameters : nullInstitution Admin - Check the flow of Registration,</span>
                <span class="reporter-method-output">Test Status: Pass</span>
              </div> <!-- reporter-method-output-div -->
            </div> <!-- reporter-method-div -->
            <div class="reporter-method-div">
              <span class="reporter-method-name">feature(Organization Management - Check the flow of ChangePassword)</span>
              <div class="reporter-method-output-div">
                <span class="reporter-method-output">Completed executing following method : AbstractTestNGCucumberTests.feature</span>
                <span class="reporter-method-output">Test Method resides in com.cucumber.TestRunner.OrgMgmtChangePasswordRunner</span>
                <span class="reporter-method-output">Test Method had the following parameters : nullOrganization Management - Check the flow of ChangePassword,</span>
                <span class="reporter-method-output">Test Status: Pass</span>
              </div> <!-- reporter-method-output-div -->
            </div> <!-- reporter-method-div -->
            <div class="reporter-method-div">
              <span class="reporter-method-name">feature(Organisation Sales - Check the flow of Launch the application)</span>
              <div class="reporter-method-output-div">
                <span class="reporter-method-output">Completed executing following method : AbstractTestNGCucumberTests.feature</span>
                <span class="reporter-method-output">Test Method resides in com.cucumber.TestRunner.OrgSalesLaunchTheApplicationRunner</span>
                <span class="reporter-method-output">Test Method had the following parameters : nullOrganisation Sales - Check the flow of Launch the application,</span>
                <span class="reporter-method-output">Test Status: Pass</span>
              </div> <!-- reporter-method-output-div -->
            </div> <!-- reporter-method-div -->
            <div class="reporter-method-div">
              <span class="reporter-method-name">feature(Institution User - Check the flow of New Mail Edit)</span>
              <div class="reporter-method-output-div">
                <span class="reporter-method-output">Completed executing following method : AbstractTestNGCucumberTests.feature</span>
                <span class="reporter-method-output">Test Method resides in com.cucumber.TestRunner.UserNewMailEditRunner</span>
                <span class="reporter-method-output">Test Method had the following parameters : nullInstitution User - Check the flow of New Mail Edit,</span>
                <span class="reporter-method-output">Test Status: Pass</span>
              </div> <!-- reporter-method-output-div -->
            </div> <!-- reporter-method-div -->
            <div class="reporter-method-div">
              <span class="reporter-method-name">feature(Institute Admin - Check the flow of CertificatesApprovals)</span>
              <div class="reporter-method-output-div">
                <span class="reporter-method-output">Completed executing following method : AbstractTestNGCucumberTests.feature</span>
                <span class="reporter-method-output">Test Method resides in com.cucumber.TestRunner.AdminCertificateApprovalsRunner</span>
                <span class="reporter-method-output">Test Method had the following parameters : nullInstitute Admin - Check the flow of CertificatesApprovals,</span>
                <span class="reporter-method-output">Test Status: Pass</span>
              </div> <!-- reporter-method-output-div -->
            </div> <!-- reporter-method-div -->
            <div class="reporter-method-div">
              <span class="reporter-method-name">feature(Institution User - Check the flow of Bulk Generated certificates)</span>
              <div class="reporter-method-output-div">
                <span class="reporter-method-output">Completed executing following method : AbstractTestNGCucumberTests.feature</span>
                <span class="reporter-method-output">Test Method resides in com.cucumber.TestRunner.UserBulkGeneratedCertficatesRunner</span>
                <span class="reporter-method-output">Test Method had the following parameters : nullInstitution User - Check the flow of Bulk Generated certificates,</span>
                <span class="reporter-method-output">Test Status: Pass</span>
              </div> <!-- reporter-method-output-div -->
            </div> <!-- reporter-method-div -->
            <div class="reporter-method-div">
              <span class="reporter-method-name">feature(Institution Admin - Check the flow of Updateprofile)</span>
              <div class="reporter-method-output-div">
                <span class="reporter-method-output">Completed executing following method : AbstractTestNGCucumberTests.feature</span>
                <span class="reporter-method-output">Test Method resides in com.cucumber.TestRunner.AdminUpdateProfileRunner</span>
                <span class="reporter-method-output">Test Method had the following parameters : nullInstitution Admin - Check the flow of Updateprofile,</span>
                <span class="reporter-method-output">Test Status: Pass</span>
              </div> <!-- reporter-method-output-div -->
            </div> <!-- reporter-method-div -->
            <div class="reporter-method-div">
              <span class="reporter-method-name">feature(Institution User - Check the flow of Updateprofile)</span>
              <div class="reporter-method-output-div">
                <span class="reporter-method-output">Completed executing following method : AbstractTestNGCucumberTests.feature</span>
                <span class="reporter-method-output">Test Method resides in com.cucumber.TestRunner.UserUpdateProfileRunner</span>
                <span class="reporter-method-output">Test Method had the following parameters : nullInstitution User - Check the flow of Updateprofile,</span>
                <span class="reporter-method-output">Test Status: Pass</span>
              </div> <!-- reporter-method-output-div -->
            </div> <!-- reporter-method-div -->
            <div class="reporter-method-div">
              <span class="reporter-method-name">feature(Institution User - Check the flow of Verification URL)</span>
              <div class="reporter-method-output-div">
                <span class="reporter-method-output">Completed executing following method : AbstractTestNGCucumberTests.feature</span>
                <span class="reporter-method-output">Test Method resides in com.cucumber.TestRunner.UserVerificationURLRunner</span>
                <span class="reporter-method-output">Test Method had the following parameters : nullInstitution User - Check the flow of Verification URL,</span>
                <span class="reporter-method-output">Test Status: Pass</span>
              </div> <!-- reporter-method-output-div -->
            </div> <!-- reporter-method-div -->
            <div class="reporter-method-div">
              <span class="reporter-method-name">feature(Institution Admin - Check the flow of Approval Settings)</span>
              <div class="reporter-method-output-div">
                <span class="reporter-method-output">Completed executing following method : AbstractTestNGCucumberTests.feature</span>
                <span class="reporter-method-output">Test Method resides in com.cucumber.TestRunner.ApprovalSettingsRunner</span>
                <span class="reporter-method-output">Test Method had the following parameters : nullInstitution Admin - Check the flow of Approval Settings,</span>
                <span class="reporter-method-output">Test Status: Pass</span>
              </div> <!-- reporter-method-output-div -->
            </div> <!-- reporter-method-div -->
            <div class="reporter-method-div">
              <span class="reporter-method-name">feature(Orgnaisation Sales - Check the flow of Change Password)</span>
              <div class="reporter-method-output-div">
                <span class="reporter-method-output">Completed executing following method : AbstractTestNGCucumberTests.feature</span>
                <span class="reporter-method-output">Test Method resides in com.cucumber.TestRunner.OrgSalesChangePasswordRunner</span>
                <span class="reporter-method-output">Test Method had the following parameters : nullOrgnaisation Sales - Check the flow of Change Password,</span>
                <span class="reporter-method-output">Test Status: Pass</span>
              </div> <!-- reporter-method-output-div -->
            </div> <!-- reporter-method-div -->
            <div class="reporter-method-div">
              <span class="reporter-method-name">feature(Organisation Management - Check the flow of Launch the application)</span>
              <div class="reporter-method-output-div">
                <span class="reporter-method-output">Completed executing following method : AbstractTestNGCucumberTests.feature</span>
                <span class="reporter-method-output">Test Method resides in com.cucumber.TestRunner.OrgMgmtLaunchTheApplicationRunner</span>
                <span class="reporter-method-output">Test Method had the following parameters : nullOrganisation Management - Check the flow of Launch the application,</span>
                <span class="reporter-method-output">Test Status: Pass</span>
              </div> <!-- reporter-method-output-div -->
            </div> <!-- reporter-method-div -->
            <div class="reporter-method-div">
              <span class="reporter-method-name">feature(Institution User - Check the flow of Institution User Verify Certificates)</span>
              <div class="reporter-method-output-div">
                <span class="reporter-method-output">Completed executing following method : AbstractTestNGCucumberTests.feature</span>
                <span class="reporter-method-output">Test Method resides in com.cucumber.TestRunner.UserVerifyCertificatesRunner</span>
                <span class="reporter-method-output">Test Method had the following parameters : nullInstitution User - Check the flow of Institution User Verify Certificates,</span>
                <span class="reporter-method-output">Test Status: Pass</span>
              </div> <!-- reporter-method-output-div -->
            </div> <!-- reporter-method-div -->
            <div class="reporter-method-div">
              <span class="reporter-method-name">feature(Institution User - Check the flow of Recent Certificate Generations Revoke)</span>
              <div class="reporter-method-output-div">
                <span class="reporter-method-output">Completed executing following method : AbstractTestNGCucumberTests.feature</span>
                <span class="reporter-method-output">Test Method resides in com.cucumber.TestRunner.UserRecentCertificateGenerationsRevokeRunner</span>
                <span class="reporter-method-output">Test Method had the following parameters : nullInstitution User - Check the flow of Recent Certificate Generations Revoke,</span>
                <span class="reporter-method-output">Test Status: Pass</span>
              </div> <!-- reporter-method-output-div -->
            </div> <!-- reporter-method-div -->
            <div class="reporter-method-div">
              <span class="reporter-method-name">feature(Institution User - Check the flow of Recent Certificate GenerationsandVerification Send Mail)</span>
              <div class="reporter-method-output-div">
                <span class="reporter-method-output">Completed executing following method : AbstractTestNGCucumberTests.feature</span>
                <span class="reporter-method-output">Test Method resides in com.cucumber.TestRunner.AdminRecentCertificateGenerationsandVerificationsSendMailRunner</span>
                <span class="reporter-method-output">Test Method had the following parameters : nullInstitution User - Check the flow of Recent Certificate GenerationsandVerification Send Mail,</span>
                <span class="reporter-method-output">Test Status: Pass</span>
              </div> <!-- reporter-method-output-div -->
            </div> <!-- reporter-method-div -->
            <div class="reporter-method-div">
              <span class="reporter-method-name">feature(Organisation Management - Check the flow of Update Profile)</span>
              <div class="reporter-method-output-div">
                <span class="reporter-method-output">Completed executing following method : AbstractTestNGCucumberTests.feature</span>
                <span class="reporter-method-output">Test Method resides in com.cucumber.TestRunner.OrgMgmtUpdateProfileRunner</span>
                <span class="reporter-method-output">Test Method had the following parameters : nullOrganisation Management - Check the flow of Update Profile,</span>
                <span class="reporter-method-output">Test Status: Pass</span>
              </div> <!-- reporter-method-output-div -->
            </div> <!-- reporter-method-div -->
            <div class="reporter-method-div">
              <span class="reporter-method-name">feature(Institution Admin - Check the flow of Add Certificate Type)</span>
              <div class="reporter-method-output-div">
                <span class="reporter-method-output">Completed executing following method : AbstractTestNGCucumberTests.feature</span>
                <span class="reporter-method-output">Test Method resides in com.cucumber.TestRunner.AdminAddCertificateTypeRunner</span>
                <span class="reporter-method-output">Test Method had the following parameters : nullInstitution Admin - Check the flow of Add Certificate Type,</span>
                <span class="reporter-method-output">Test Status: Pass</span>
              </div> <!-- reporter-method-output-div -->
            </div> <!-- reporter-method-div -->
            <div class="reporter-method-div">
              <span class="reporter-method-name">feature(Institution User - Check the flow of Recent Certificate Generations Recall)</span>
              <div class="reporter-method-output-div">
                <span class="reporter-method-output">Completed executing following method : AbstractTestNGCucumberTests.feature</span>
                <span class="reporter-method-output">Test Method resides in com.cucumber.TestRunner.AdminRecentCertificateGenerationsRecallRunner</span>
                <span class="reporter-method-output">Test Method had the following parameters : nullInstitution User - Check the flow of Recent Certificate Generations Recall,</span>
                <span class="reporter-method-output">Test Status: Pass</span>
              </div> <!-- reporter-method-output-div -->
            </div> <!-- reporter-method-div -->
            <div class="reporter-method-div">
              <span class="reporter-method-name">feature(Institution User - Check the flow of Generate Single Without Approval)</span>
              <div class="reporter-method-output-div">
                <span class="reporter-method-output">Completed executing following method : AbstractTestNGCucumberTests.feature</span>
                <span class="reporter-method-output">Test Method resides in com.cucumber.TestRunner.UserGenerateSingleWithoutApprovalRunner</span>
                <span class="reporter-method-output">Test Method had the following parameters : nullInstitution User - Check the flow of Generate Single Without Approval,</span>
                <span class="reporter-method-output">Test Status: Failed</span>
              </div> <!-- reporter-method-output-div -->
            </div> <!-- reporter-method-div -->
            <div class="reporter-method-div">
              <span class="reporter-method-name">feature(Institution Admin - Check the flow of ChangePassword)</span>
              <div class="reporter-method-output-div">
                <span class="reporter-method-output">Completed executing following method : AbstractTestNGCucumberTests.feature</span>
                <span class="reporter-method-output">Test Method resides in com.cucumber.TestRunner.AdminChangePasswordRunner</span>
                <span class="reporter-method-output">Test Method had the following parameters : nullInstitution Admin - Check the flow of ChangePassword,</span>
                <span class="reporter-method-output">Test Status: Failed</span>
              </div> <!-- reporter-method-output-div -->
            </div> <!-- reporter-method-div -->
            <div class="reporter-method-div">
              <span class="reporter-method-name">feature(Institution User - Check the flow of Bulk with Approvals)</span>
              <div class="reporter-method-output-div">
                <span class="reporter-method-output">Completed executing following method : AbstractTestNGCucumberTests.feature</span>
                <span class="reporter-method-output">Test Method resides in com.cucumber.TestRunner.UserBulkWithoutApprovalRunner</span>
                <span class="reporter-method-output">Test Method had the following parameters : nullInstitution User - Check the flow of Bulk with Approvals,</span>
                <span class="reporter-method-output">Test Status: Failed</span>
              </div> <!-- reporter-method-output-div -->
            </div> <!-- reporter-method-div -->
            <div class="reporter-method-div">
              <span class="reporter-method-name">feature(Institution Admin - Check the flow of Generated Certificates)</span>
              <div class="reporter-method-output-div">
                <span class="reporter-method-output">Completed executing following method : AbstractTestNGCucumberTests.feature</span>
                <span class="reporter-method-output">Test Method resides in com.cucumber.TestRunner.AdminGeneratedCertificatesRunner</span>
                <span class="reporter-method-output">Test Method had the following parameters : nullInstitution Admin - Check the flow of Generated Certificates,</span>
                <span class="reporter-method-output">Test Status: Failed</span>
              </div> <!-- reporter-method-output-div -->
            </div> <!-- reporter-method-div -->
            <div class="reporter-method-div">
              <span class="reporter-method-name">feature(Title of your feature)</span>
              <div class="reporter-method-output-div">
                <span class="reporter-method-output">Completed executing following method : AbstractTestNGCucumberTests.feature</span>
                <span class="reporter-method-output">Test Method resides in com.cucumber.TestRunner.UserInternalPrintingRunner</span>
                <span class="reporter-method-output">Test Method had the following parameters : nullTitle of your feature,</span>
                <span class="reporter-method-output">Test Status: Failed</span>
              </div> <!-- reporter-method-output-div -->
            </div> <!-- reporter-method-div -->
          </div> <!-- main-panel-content rounded-window-bottom -->
        </div> <!-- panel -->
        <div panel-name="ignored-methods-Sapphirus_Systems_Pvt_Ltd" class="panel">
          <div class="main-panel-header rounded-window-top">
            <span class="header-content">0 ignored methods</span>
          </div> <!-- main-panel-header rounded-window-top -->
          <div class="main-panel-content rounded-window-bottom">
          </div> <!-- main-panel-content rounded-window-bottom -->
        </div> <!-- panel -->
        <div panel-name="chronological-Sapphirus_Systems_Pvt_Ltd" class="panel">
          <div class="main-panel-header rounded-window-top">
            <span class="header-content">Methods in chronological order</span>
          </div> <!-- main-panel-header rounded-window-top -->
          <div class="main-panel-content rounded-window-bottom">
            <div class="chronological-class">
              <div class="chronological-class-name">com.cucumber.TestRunner.OrgMgmtChangePasswordRunner</div> <!-- chronological-class-name -->
              <div class="configuration-class before">
                <span class="method-name">setUpClass</span>
                <span class="method-start">0 ms</span>
              </div> <!-- configuration-class before -->
              <div class="configuration-class before">
                <span class="method-name">beforeclass(chrome)</span>
                <span class="method-start">584 ms</span>
              </div> <!-- configuration-class before -->
              <div class="test-method">
                <span class="method-name">feature(Organization Management - Check the flow of ChangePassword)</span>
                <span class="method-start">6498 ms</span>
              </div> <!-- test-method -->
              <div class="configuration-class after">
                <span class="method-name">testDownClass</span>
                <span class="method-start">59554 ms</span>
              </div> <!-- configuration-class after -->
              <div class="configuration-class after">
                <span class="method-name">tearDownClass</span>
                <span class="method-start">59824 ms</span>
              </div> <!-- configuration-class after -->
            </div> <!-- chronological-class -->
            <div class="chronological-class">
              <div class="chronological-class-name">com.cucumber.TestRunner.OrgMgmtLaunchTheApplicationRunner</div> <!-- chronological-class-name -->
              <div class="configuration-class before">
                <span class="method-name">setUpClass</span>
                <span class="method-start">60234 ms</span>
              </div> <!-- configuration-class before -->
              <div class="configuration-class before">
                <span class="method-name">beforeclass(chrome)</span>
                <span class="method-start">60346 ms</span>
              </div> <!-- configuration-class before -->
              <div class="test-method">
                <span class="method-name">feature(Organisation Management - Check the flow of Launch the application)</span>
                <span class="method-start">63930 ms</span>
              </div> <!-- test-method -->
              <div class="configuration-class after">
                <span class="method-name">testDownClass</span>
                <span class="method-start">64009 ms</span>
              </div> <!-- configuration-class after -->
              <div class="configuration-class after">
                <span class="method-name">tearDownClass</span>
                <span class="method-start">64192 ms</span>
              </div> <!-- configuration-class after -->
            </div> <!-- chronological-class -->
            <div class="chronological-class">
              <div class="chronological-class-name">com.cucumber.TestRunner.OrgMgmtUpdateProfileRunner</div> <!-- chronological-class-name -->
              <div class="configuration-class before">
                <span class="method-name">setUpClass</span>
                <span class="method-start">64282 ms</span>
              </div> <!-- configuration-class before -->
              <div class="configuration-class before">
                <span class="method-name">beforeclass(chrome)</span>
                <span class="method-start">64345 ms</span>
              </div> <!-- configuration-class before -->
              <div class="test-method">
                <span class="method-name">feature(Organisation Management - Check the flow of Update Profile)</span>
                <span class="method-start">68132 ms</span>
              </div> <!-- test-method -->
              <div class="configuration-class after">
                <span class="method-name">testDownClass</span>
                <span class="method-start">140847 ms</span>
              </div> <!-- configuration-class after -->
              <div class="configuration-class after">
                <span class="method-name">tearDownClass</span>
                <span class="method-start">141106 ms</span>
              </div> <!-- configuration-class after -->
            </div> <!-- chronological-class -->
            <div class="chronological-class">
              <div class="chronological-class-name">com.cucumber.TestRunner.OrgSalesChangePasswordRunner</div> <!-- chronological-class-name -->
              <div class="configuration-class before">
                <span class="method-name">setUpClass</span>
                <span class="method-start">141167 ms</span>
              </div> <!-- configuration-class before -->
              <div class="configuration-class before">
                <span class="method-name">beforeclass(chrome)</span>
                <span class="method-start">141222 ms</span>
              </div> <!-- configuration-class before -->
              <div class="test-method">
                <span class="method-name">feature(Orgnaisation Sales - Check the flow of Change Password)</span>
                <span class="method-start">145100 ms</span>
              </div> <!-- test-method -->
              <div class="configuration-class after">
                <span class="method-name">testDownClass</span>
                <span class="method-start">202042 ms</span>
              </div> <!-- configuration-class after -->
              <div class="configuration-class after">
                <span class="method-name">tearDownClass</span>
                <span class="method-start">202345 ms</span>
              </div> <!-- configuration-class after -->
            </div> <!-- chronological-class -->
            <div class="chronological-class">
              <div class="chronological-class-name">com.cucumber.TestRunner.OrgSalesLaunchTheApplicationRunner</div> <!-- chronological-class-name -->
              <div class="configuration-class before">
                <span class="method-name">setUpClass</span>
                <span class="method-start">202432 ms</span>
              </div> <!-- configuration-class before -->
              <div class="configuration-class before">
                <span class="method-name">beforeclass(chrome)</span>
                <span class="method-start">202477 ms</span>
              </div> <!-- configuration-class before -->
              <div class="test-method">
                <span class="method-name">feature(Organisation Sales - Check the flow of Launch the application)</span>
                <span class="method-start">206808 ms</span>
              </div> <!-- test-method -->
              <div class="configuration-class after">
                <span class="method-name">testDownClass</span>
                <span class="method-start">206920 ms</span>
              </div> <!-- configuration-class after -->
              <div class="configuration-class after">
                <span class="method-name">tearDownClass</span>
                <span class="method-start">207152 ms</span>
              </div> <!-- configuration-class after -->
            </div> <!-- chronological-class -->
            <div class="chronological-class">
              <div class="chronological-class-name">com.cucumber.TestRunner.OrgSalesReceiptsRunner</div> <!-- chronological-class-name -->
              <div class="configuration-class before">
                <span class="method-name">setUpClass</span>
                <span class="method-start">207225 ms</span>
              </div> <!-- configuration-class before -->
              <div class="configuration-class before">
                <span class="method-name">beforeclass(chrome)</span>
                <span class="method-start">207269 ms</span>
              </div> <!-- configuration-class before -->
              <div class="test-method">
                <span class="method-name">feature(Organisation Sales - Check the flow of Organisation Sales Reports Receipts)</span>
                <span class="method-start">210486 ms</span>
              </div> <!-- test-method -->
              <div class="configuration-class after">
                <span class="method-name">testDownClass</span>
                <span class="method-start">287444 ms</span>
              </div> <!-- configuration-class after -->
              <div class="configuration-class after">
                <span class="method-name">tearDownClass</span>
                <span class="method-start">287690 ms</span>
              </div> <!-- configuration-class after -->
            </div> <!-- chronological-class -->
            <div class="chronological-class">
              <div class="chronological-class-name">com.cucumber.TestRunner.AdminCertificateApprovalsRunner</div> <!-- chronological-class-name -->
              <div class="configuration-class before">
                <span class="method-name">setUpClass</span>
                <span class="method-start">287784 ms</span>
              </div> <!-- configuration-class before -->
              <div class="configuration-class before">
                <span class="method-name">beforeclass(chrome)</span>
                <span class="method-start">287843 ms</span>
              </div> <!-- configuration-class before -->
              <div class="test-method">
                <span class="method-name">feature(Institute Admin - Check the flow of CertificatesApprovals)</span>
                <span class="method-start">291446 ms</span>
              </div> <!-- test-method -->
              <div class="configuration-class after">
                <span class="method-name">testDownClass</span>
                <span class="method-start">311875 ms</span>
              </div> <!-- configuration-class after -->
              <div class="configuration-class after">
                <span class="method-name">tearDownClass</span>
                <span class="method-start">312117 ms</span>
              </div> <!-- configuration-class after -->
            </div> <!-- chronological-class -->
            <div class="chronological-class">
              <div class="chronological-class-name">com.cucumber.TestRunner.AdminAddCertificateTypeRunner</div> <!-- chronological-class-name -->
              <div class="configuration-class before">
                <span class="method-name">setUpClass</span>
                <span class="method-start">312190 ms</span>
              </div> <!-- configuration-class before -->
              <div class="configuration-class before">
                <span class="method-name">beforeclass(chrome)</span>
                <span class="method-start">312251 ms</span>
              </div> <!-- configuration-class before -->
              <div class="test-method">
                <span class="method-name">feature(Institution Admin - Check the flow of Add Certificate Type)</span>
                <span class="method-start">315671 ms</span>
              </div> <!-- test-method -->
              <div class="configuration-class after">
                <span class="method-name">testDownClass</span>
                <span class="method-start">347577 ms</span>
              </div> <!-- configuration-class after -->
              <div class="configuration-class after">
                <span class="method-name">tearDownClass</span>
                <span class="method-start">347829 ms</span>
              </div> <!-- configuration-class after -->
            </div> <!-- chronological-class -->
            <div class="chronological-class">
              <div class="chronological-class-name">com.cucumber.TestRunner.AdminGeneratedCertificatesRunner</div> <!-- chronological-class-name -->
              <div class="configuration-class before">
                <span class="method-name">setUpClass</span>
                <span class="method-start">347891 ms</span>
              </div> <!-- configuration-class before -->
              <div class="configuration-class before">
                <span class="method-name">beforeclass(chrome)</span>
                <span class="method-start">347938 ms</span>
              </div> <!-- configuration-class before -->
              <div class="test-method">
                <img src="failed.png">
                </img>
                <span class="method-name">feature(Institution Admin - Check the flow of Generated Certificates)</span>
                <span class="method-start">351237 ms</span>
              </div> <!-- test-method -->
              <div class="configuration-class after">
                <span class="method-name">testDownClass</span>
                <span class="method-start">387634 ms</span>
              </div> <!-- configuration-class after -->
              <div class="configuration-class after">
                <span class="method-name">tearDownClass</span>
                <span class="method-start">387880 ms</span>
              </div> <!-- configuration-class after -->
            </div> <!-- chronological-class -->
            <div class="chronological-class">
              <div class="chronological-class-name">com.cucumber.TestRunner.AdminVerifiedCertificatesRunner</div> <!-- chronological-class-name -->
              <div class="configuration-class before">
                <span class="method-name">setUpClass</span>
                <span class="method-start">387934 ms</span>
              </div> <!-- configuration-class before -->
              <div class="configuration-class before">
                <span class="method-name">beforeclass(chrome)</span>
                <span class="method-start">387981 ms</span>
              </div> <!-- configuration-class before -->
              <div class="test-method">
                <span class="method-name">feature(Institution Admin - Check the flow of Verified Certificates)</span>
                <span class="method-start">391424 ms</span>
              </div> <!-- test-method -->
              <div class="configuration-class after">
                <span class="method-name">testDownClass</span>
                <span class="method-start">447383 ms</span>
              </div> <!-- configuration-class after -->
              <div class="configuration-class after">
                <span class="method-name">tearDownClass</span>
                <span class="method-start">447695 ms</span>
              </div> <!-- configuration-class after -->
            </div> <!-- chronological-class -->
            <div class="chronological-class">
              <div class="chronological-class-name">com.cucumber.TestRunner.AdminUpdateProfileRunner</div> <!-- chronological-class-name -->
              <div class="configuration-class before">
                <span class="method-name">setUpClass</span>
                <span class="method-start">447767 ms</span>
              </div> <!-- configuration-class before -->
              <div class="configuration-class before">
                <span class="method-name">beforeclass(chrome)</span>
                <span class="method-start">447817 ms</span>
              </div> <!-- configuration-class before -->
              <div class="test-method">
                <span class="method-name">feature(Institution Admin - Check the flow of Updateprofile)</span>
                <span class="method-start">451270 ms</span>
              </div> <!-- test-method -->
              <div class="configuration-class after">
                <span class="method-name">testDownClass</span>
                <span class="method-start">480985 ms</span>
              </div> <!-- configuration-class after -->
              <div class="configuration-class after">
                <span class="method-name">tearDownClass</span>
                <span class="method-start">481230 ms</span>
              </div> <!-- configuration-class after -->
            </div> <!-- chronological-class -->
            <div class="chronological-class">
              <div class="chronological-class-name">com.cucumber.TestRunner.AdminChangePasswordRunner</div> <!-- chronological-class-name -->
              <div class="configuration-class before">
                <span class="method-name">setUpClass</span>
                <span class="method-start">481284 ms</span>
              </div> <!-- configuration-class before -->
              <div class="configuration-class before">
                <span class="method-name">beforeclass(chrome)</span>
                <span class="method-start">481329 ms</span>
              </div> <!-- configuration-class before -->
              <div class="test-method">
                <img src="failed.png">
                </img>
                <span class="method-name">feature(Institution Admin - Check the flow of ChangePassword)</span>
                <span class="method-start">484567 ms</span>
              </div> <!-- test-method -->
              <div class="configuration-class after">
                <span class="method-name">testDownClass</span>
                <span class="method-start">532773 ms</span>
              </div> <!-- configuration-class after -->
              <div class="configuration-class after">
                <span class="method-name">tearDownClass</span>
                <span class="method-start">533019 ms</span>
              </div> <!-- configuration-class after -->
            </div> <!-- chronological-class -->
            <div class="chronological-class">
              <div class="chronological-class-name">com.cucumber.TestRunner.ApprovalSettingsRunner</div> <!-- chronological-class-name -->
              <div class="configuration-class before">
                <span class="method-name">setUpClass</span>
                <span class="method-start">533105 ms</span>
              </div> <!-- configuration-class before -->
              <div class="configuration-class before">
                <span class="method-name">beforeclass(chrome)</span>
                <span class="method-start">533169 ms</span>
              </div> <!-- configuration-class before -->
              <div class="test-method">
                <span class="method-name">feature(Institution Admin - Check the flow of Approval Settings)</span>
                <span class="method-start">536633 ms</span>
              </div> <!-- test-method -->
              <div class="configuration-class after">
                <span class="method-name">testDownClass</span>
                <span class="method-start">569619 ms</span>
              </div> <!-- configuration-class after -->
              <div class="configuration-class after">
                <span class="method-name">tearDownClass</span>
                <span class="method-start">569925 ms</span>
              </div> <!-- configuration-class after -->
            </div> <!-- chronological-class -->
            <div class="chronological-class">
              <div class="chronological-class-name">com.cucumber.TestRunner.AdminRegistrationRunner</div> <!-- chronological-class-name -->
              <div class="configuration-class before">
                <span class="method-name">setUpClass</span>
                <span class="method-start">569993 ms</span>
              </div> <!-- configuration-class before -->
              <div class="configuration-class before">
                <span class="method-name">beforeclass(chrome)</span>
                <span class="method-start">570046 ms</span>
              </div> <!-- configuration-class before -->
              <div class="test-method">
                <span class="method-name">feature(Institution Admin - Check the flow of Registration)</span>
                <span class="method-start">573807 ms</span>
              </div> <!-- test-method -->
              <div class="configuration-class after">
                <span class="method-name">testDownClass</span>
                <span class="method-start">604425 ms</span>
              </div> <!-- configuration-class after -->
              <div class="configuration-class after">
                <span class="method-name">tearDownClass</span>
                <span class="method-start">604626 ms</span>
              </div> <!-- configuration-class after -->
            </div> <!-- chronological-class -->
            <div class="chronological-class">
              <div class="chronological-class-name">com.cucumber.TestRunner.AdminUpdateInstitutionRunner</div> <!-- chronological-class-name -->
              <div class="configuration-class before">
                <span class="method-name">setUpClass</span>
                <span class="method-start">604686 ms</span>
              </div> <!-- configuration-class before -->
              <div class="configuration-class before">
                <span class="method-name">beforeclass(chrome)</span>
                <span class="method-start">604737 ms</span>
              </div> <!-- configuration-class before -->
              <div class="test-method">
                <span class="method-name">feature(Institution Admin - Check the flow of Update Institution)</span>
                <span class="method-start">607576 ms</span>
              </div> <!-- test-method -->
              <div class="configuration-class after">
                <span class="method-name">testDownClass</span>
                <span class="method-start">639382 ms</span>
              </div> <!-- configuration-class after -->
              <div class="configuration-class after">
                <span class="method-name">tearDownClass</span>
                <span class="method-start">639631 ms</span>
              </div> <!-- configuration-class after -->
            </div> <!-- chronological-class -->
            <div class="chronological-class">
              <div class="chronological-class-name">com.cucumber.TestRunner.AdminRecentCertificateGenerationsRevokeRunner</div> <!-- chronological-class-name -->
              <div class="configuration-class before">
                <span class="method-name">setUpClass</span>
                <span class="method-start">639706 ms</span>
              </div> <!-- configuration-class before -->
              <div class="configuration-class before">
                <span class="method-name">beforeclass(chrome)</span>
                <span class="method-start">639762 ms</span>
              </div> <!-- configuration-class before -->
              <div class="test-method">
                <span class="method-name">feature(Institution Admin - Check the flow of Recent Certificate Generations Revoke)</span>
                <span class="method-start">643544 ms</span>
              </div> <!-- test-method -->
              <div class="configuration-class after">
                <span class="method-name">testDownClass</span>
                <span class="method-start">664759 ms</span>
              </div> <!-- configuration-class after -->
              <div class="configuration-class after">
                <span class="method-name">tearDownClass</span>
                <span class="method-start">665014 ms</span>
              </div> <!-- configuration-class after -->
            </div> <!-- chronological-class -->
            <div class="chronological-class">
              <div class="chronological-class-name">com.cucumber.TestRunner.AdminRecentCertificateGenerationsRecallRunner</div> <!-- chronological-class-name -->
              <div class="configuration-class before">
                <span class="method-name">setUpClass</span>
                <span class="method-start">665066 ms</span>
              </div> <!-- configuration-class before -->
              <div class="configuration-class before">
                <span class="method-name">beforeclass(chrome)</span>
                <span class="method-start">665100 ms</span>
              </div> <!-- configuration-class before -->
              <div class="test-method">
                <span class="method-name">feature(Institution User - Check the flow of Recent Certificate Generations Recall)</span>
                <span class="method-start">668436 ms</span>
              </div> <!-- test-method -->
              <div class="configuration-class after">
                <span class="method-name">testDownClass</span>
                <span class="method-start">692000 ms</span>
              </div> <!-- configuration-class after -->
              <div class="configuration-class after">
                <span class="method-name">tearDownClass</span>
                <span class="method-start">692251 ms</span>
              </div> <!-- configuration-class after -->
            </div> <!-- chronological-class -->
            <div class="chronological-class">
              <div class="chronological-class-name">com.cucumber.TestRunner.AdminRecentCertificateGenerationsandVerificationsSendMailRunner</div> <!-- chronological-class-name -->
              <div class="configuration-class before">
                <span class="method-name">setUpClass</span>
                <span class="method-start">692319 ms</span>
              </div> <!-- configuration-class before -->
              <div class="configuration-class before">
                <span class="method-name">beforeclass(chrome)</span>
                <span class="method-start">692353 ms</span>
              </div> <!-- configuration-class before -->
              <div class="test-method">
                <span class="method-name">feature(Institution User - Check the flow of Recent Certificate GenerationsandVerification Send Mail)</span>
                <span class="method-start">695840 ms</span>
              </div> <!-- test-method -->
              <div class="configuration-class after">
                <span class="method-name">testDownClass</span>
                <span class="method-start">719566 ms</span>
              </div> <!-- configuration-class after -->
              <div class="configuration-class after">
                <span class="method-name">tearDownClass</span>
                <span class="method-start">719880 ms</span>
              </div> <!-- configuration-class after -->
            </div> <!-- chronological-class -->
            <div class="chronological-class">
              <div class="chronological-class-name">com.cucumber.TestRunner.UserVerificationURLRunner</div> <!-- chronological-class-name -->
              <div class="configuration-class before">
                <span class="method-name">setUpClass</span>
                <span class="method-start">719920 ms</span>
              </div> <!-- configuration-class before -->
              <div class="configuration-class before">
                <span class="method-name">beforeclass(chrome)</span>
                <span class="method-start">719962 ms</span>
              </div> <!-- configuration-class before -->
              <div class="test-method">
                <span class="method-name">feature(Institution User - Check the flow of Verification URL)</span>
                <span class="method-start">723485 ms</span>
              </div> <!-- test-method -->
              <div class="configuration-class after">
                <span class="method-name">testDownClass</span>
                <span class="method-start">735827 ms</span>
              </div> <!-- configuration-class after -->
              <div class="configuration-class after">
                <span class="method-name">tearDownClass</span>
                <span class="method-start">736140 ms</span>
              </div> <!-- configuration-class after -->
            </div> <!-- chronological-class -->
            <div class="chronological-class">
              <div class="chronological-class-name">com.cucumber.TestRunner.UserGenerateSingleWithoutApprovalRunner</div> <!-- chronological-class-name -->
              <div class="configuration-class before">
                <span class="method-name">setUpClass</span>
                <span class="method-start">736188 ms</span>
              </div> <!-- configuration-class before -->
              <div class="configuration-class before">
                <span class="method-name">beforeclass(chrome)</span>
                <span class="method-start">736237 ms</span>
              </div> <!-- configuration-class before -->
              <div class="test-method">
                <img src="failed.png">
                </img>
                <span class="method-name">feature(Institution User - Check the flow of Generate Single Without Approval)</span>
                <span class="method-start">739879 ms</span>
              </div> <!-- test-method -->
              <div class="configuration-class after">
                <span class="method-name">testDownClass</span>
                <span class="method-start">824139 ms</span>
              </div> <!-- configuration-class after -->
              <div class="configuration-class after">
                <span class="method-name">tearDownClass</span>
                <span class="method-start">824441 ms</span>
              </div> <!-- configuration-class after -->
            </div> <!-- chronological-class -->
            <div class="chronological-class">
              <div class="chronological-class-name">com.cucumber.TestRunner.UserBulkWithoutApprovalRunner</div> <!-- chronological-class-name -->
              <div class="configuration-class before">
                <span class="method-name">setUpClass</span>
                <span class="method-start">824508 ms</span>
              </div> <!-- configuration-class before -->
              <div class="configuration-class before">
                <span class="method-name">beforeclass(chrome)</span>
                <span class="method-start">824552 ms</span>
              </div> <!-- configuration-class before -->
              <div class="test-method">
                <img src="failed.png">
                </img>
                <span class="method-name">feature(Institution User - Check the flow of Bulk with Approvals)</span>
                <span class="method-start">827993 ms</span>
              </div> <!-- test-method -->
              <div class="configuration-class after">
                <span class="method-name">testDownClass</span>
                <span class="method-start">909611 ms</span>
              </div> <!-- configuration-class after -->
              <div class="configuration-class after">
                <span class="method-name">tearDownClass</span>
                <span class="method-start">909919 ms</span>
              </div> <!-- configuration-class after -->
            </div> <!-- chronological-class -->
            <div class="chronological-class">
              <div class="chronological-class-name">com.cucumber.TestRunner.UserVerifyCertificatesRunner</div> <!-- chronological-class-name -->
              <div class="configuration-class before">
                <span class="method-name">setUpClass</span>
                <span class="method-start">909981 ms</span>
              </div> <!-- configuration-class before -->
              <div class="configuration-class before">
                <span class="method-name">beforeclass(chrome)</span>
                <span class="method-start">910019 ms</span>
              </div> <!-- configuration-class before -->
              <div class="test-method">
                <span class="method-name">feature(Institution User - Check the flow of Institution User Verify Certificates)</span>
                <span class="method-start">913560 ms</span>
              </div> <!-- test-method -->
              <div class="configuration-class after">
                <span class="method-name">testDownClass</span>
                <span class="method-start">954066 ms</span>
              </div> <!-- configuration-class after -->
              <div class="configuration-class after">
                <span class="method-name">tearDownClass</span>
                <span class="method-start">954312 ms</span>
              </div> <!-- configuration-class after -->
            </div> <!-- chronological-class -->
            <div class="chronological-class">
              <div class="chronological-class-name">com.cucumber.TestRunner.UserInternalPrintingRunner</div> <!-- chronological-class-name -->
              <div class="configuration-class before">
                <span class="method-name">setUpClass</span>
                <span class="method-start">954383 ms</span>
              </div> <!-- configuration-class before -->
              <div class="configuration-class before">
                <span class="method-name">beforeclass(chrome)</span>
                <span class="method-start">954433 ms</span>
              </div> <!-- configuration-class before -->
              <div class="test-method">
                <img src="failed.png">
                </img>
                <span class="method-name">feature(Title of your feature)</span>
                <span class="method-start">958012 ms</span>
              </div> <!-- test-method -->
              <div class="configuration-class after">
                <span class="method-name">testDownClass</span>
                <span class="method-start">971569 ms</span>
              </div> <!-- configuration-class after -->
              <div class="configuration-class after">
                <span class="method-name">tearDownClass</span>
                <span class="method-start">971808 ms</span>
              </div> <!-- configuration-class after -->
            </div> <!-- chronological-class -->
            <div class="chronological-class">
              <div class="chronological-class-name">com.cucumber.TestRunner.UserVerifiedCertificatesRunner</div> <!-- chronological-class-name -->
              <div class="configuration-class before">
                <span class="method-name">setUpClass</span>
                <span class="method-start">971880 ms</span>
              </div> <!-- configuration-class before -->
              <div class="configuration-class before">
                <span class="method-name">beforeclass(chrome)</span>
                <span class="method-start">971943 ms</span>
              </div> <!-- configuration-class before -->
              <div class="test-method">
                <span class="method-name">feature(Institution User - Check the flow of Verified Certificates)</span>
                <span class="method-start">975881 ms</span>
              </div> <!-- test-method -->
              <div class="configuration-class after">
                <span class="method-name">testDownClass</span>
                <span class="method-start">1014076 ms</span>
              </div> <!-- configuration-class after -->
              <div class="configuration-class after">
                <span class="method-name">tearDownClass</span>
                <span class="method-start">1014382 ms</span>
              </div> <!-- configuration-class after -->
            </div> <!-- chronological-class -->
            <div class="chronological-class">
              <div class="chronological-class-name">com.cucumber.TestRunner.UserBulkGeneratedCertficatesRunner</div> <!-- chronological-class-name -->
              <div class="configuration-class before">
                <span class="method-name">setUpClass</span>
                <span class="method-start">1014455 ms</span>
              </div> <!-- configuration-class before -->
              <div class="configuration-class before">
                <span class="method-name">beforeclass(chrome)</span>
                <span class="method-start">1014510 ms</span>
              </div> <!-- configuration-class before -->
              <div class="test-method">
                <span class="method-name">feature(Institution User - Check the flow of Bulk Generated certificates)</span>
                <span class="method-start">1017925 ms</span>
              </div> <!-- test-method -->
              <div class="configuration-class after">
                <span class="method-name">testDownClass</span>
                <span class="method-start">1039874 ms</span>
              </div> <!-- configuration-class after -->
              <div class="configuration-class after">
                <span class="method-name">tearDownClass</span>
                <span class="method-start">1040119 ms</span>
              </div> <!-- configuration-class after -->
            </div> <!-- chronological-class -->
            <div class="chronological-class">
              <div class="chronological-class-name">com.cucumber.TestRunner.UserUpdateProfileRunner</div> <!-- chronological-class-name -->
              <div class="configuration-class before">
                <span class="method-name">setUpClass</span>
                <span class="method-start">1040183 ms</span>
              </div> <!-- configuration-class before -->
              <div class="configuration-class before">
                <span class="method-name">beforeclass(chrome)</span>
                <span class="method-start">1040244 ms</span>
              </div> <!-- configuration-class before -->
              <div class="test-method">
                <span class="method-name">feature(Institution User - Check the flow of Updateprofile)</span>
                <span class="method-start">1043905 ms</span>
              </div> <!-- test-method -->
              <div class="configuration-class after">
                <span class="method-name">testDownClass</span>
                <span class="method-start">1084281 ms</span>
              </div> <!-- configuration-class after -->
              <div class="configuration-class after">
                <span class="method-name">tearDownClass</span>
                <span class="method-start">1084527 ms</span>
              </div> <!-- configuration-class after -->
            </div> <!-- chronological-class -->
            <div class="chronological-class">
              <div class="chronological-class-name">com.cucumber.TestRunner.UserNewMailEditRunner</div> <!-- chronological-class-name -->
              <div class="configuration-class before">
                <span class="method-name">setUpClass</span>
                <span class="method-start">1084592 ms</span>
              </div> <!-- configuration-class before -->
              <div class="configuration-class before">
                <span class="method-name">beforeclass(chrome)</span>
                <span class="method-start">1084648 ms</span>
              </div> <!-- configuration-class before -->
              <div class="test-method">
                <span class="method-name">feature(Institution User - Check the flow of New Mail Edit)</span>
                <span class="method-start">1088116 ms</span>
              </div> <!-- test-method -->
              <div class="configuration-class after">
                <span class="method-name">testDownClass</span>
                <span class="method-start">1110988 ms</span>
              </div> <!-- configuration-class after -->
              <div class="configuration-class after">
                <span class="method-name">tearDownClass</span>
                <span class="method-start">1111297 ms</span>
              </div> <!-- configuration-class after -->
            </div> <!-- chronological-class -->
            <div class="chronological-class">
              <div class="chronological-class-name">com.cucumber.TestRunner.UserRecentCertificateGenerationsRecallRunner</div> <!-- chronological-class-name -->
              <div class="configuration-class before">
                <span class="method-name">setUpClass</span>
                <span class="method-start">1111371 ms</span>
              </div> <!-- configuration-class before -->
              <div class="configuration-class before">
                <span class="method-name">beforeclass(chrome)</span>
                <span class="method-start">1111441 ms</span>
              </div> <!-- configuration-class before -->
              <div class="test-method">
                <span class="method-name">feature(Institution User - Check the flow of Recent Certificate Generations Recall)</span>
                <span class="method-start">1115461 ms</span>
              </div> <!-- test-method -->
              <div class="configuration-class after">
                <span class="method-name">testDownClass</span>
                <span class="method-start">1133931 ms</span>
              </div> <!-- configuration-class after -->
              <div class="configuration-class after">
                <span class="method-name">tearDownClass</span>
                <span class="method-start">1134273 ms</span>
              </div> <!-- configuration-class after -->
            </div> <!-- chronological-class -->
            <div class="chronological-class">
              <div class="chronological-class-name">com.cucumber.TestRunner.UserRecentCertificateGenerationsRevokeRunner</div> <!-- chronological-class-name -->
              <div class="configuration-class before">
                <span class="method-name">setUpClass</span>
                <span class="method-start">1134357 ms</span>
              </div> <!-- configuration-class before -->
              <div class="configuration-class before">
                <span class="method-name">beforeclass(chrome)</span>
                <span class="method-start">1134424 ms</span>
              </div> <!-- configuration-class before -->
              <div class="test-method">
                <span class="method-name">feature(Institution User - Check the flow of Recent Certificate Generations Revoke)</span>
                <span class="method-start">1138057 ms</span>
              </div> <!-- test-method -->
              <div class="configuration-class after">
                <span class="method-name">testDownClass</span>
                <span class="method-start">1156222 ms</span>
              </div> <!-- configuration-class after -->
              <div class="configuration-class after">
                <span class="method-name">tearDownClass</span>
                <span class="method-start">1156519 ms</span>
              </div> <!-- configuration-class after -->
          </div> <!-- main-panel-content rounded-window-bottom -->
        </div> <!-- panel -->
      </div> <!-- main-panel-root -->
    </div> <!-- wrapper -->
  </body>
</html>
